<?xml version="1.0" encoding="UTF-8"?>
<testsuite xmlns:xsi="http://www.w3.org/2001/XMLSchema-instance" xsi:noNamespaceSchemaLocation="https://maven.apache.org/surefire/maven-surefire-plugin/xsd/surefire-test-report.xsd" name="com.hias.apps.HiasApplicationTests" time="43.66" tests="1" errors="0" skipped="0" failures="0">
  <properties>
    <property name="gopherProxySet" value="false"/>
    <property name="awt.toolkit" value="sun.lwawt.macosx.LWCToolkit"/>
    <property name="file.encoding.pkg" value="sun.io"/>
    <property name="java.specification.version" value="1.8"/>
    <property name="sun.cpu.isalist" value=""/>
    <property name="sun.jnu.encoding" value="UTF-8"/>
    <property name="java.class.path" value="/Users/macbook/hias/api-core-hias/target/test-classes:/Users/macbook/hias/api-core-hias/target/classes:/Users/macbook/.m2/repository/org/springframework/boot/spring-boot-starter-aop/2.1.0.RELEASE/spring-boot-starter-aop-2.1.0.RELEASE.jar:/Users/macbook/.m2/repository/org/springframework/boot/spring-boot-starter/2.1.0.RELEASE/spring-boot-starter-2.1.0.RELEASE.jar:/Users/macbook/.m2/repository/org/springframework/boot/spring-boot/2.1.0.RELEASE/spring-boot-2.1.0.RELEASE.jar:/Users/macbook/.m2/repository/org/springframework/boot/spring-boot-autoconfigure/2.1.0.RELEASE/spring-boot-autoconfigure-2.1.0.RELEASE.jar:/Users/macbook/.m2/repository/org/springframework/boot/spring-boot-starter-logging/2.1.0.RELEASE/spring-boot-starter-logging-2.1.0.RELEASE.jar:/Users/macbook/.m2/repository/ch/qos/logback/logback-classic/1.2.3/logback-classic-1.2.3.jar:/Users/macbook/.m2/repository/ch/qos/logback/logback-core/1.2.3/logback-core-1.2.3.jar:/Users/macbook/.m2/repository/org/apache/logging/log4j/log4j-to-slf4j/2.11.1/log4j-to-slf4j-2.11.1.jar:/Users/macbook/.m2/repository/org/apache/logging/log4j/log4j-api/2.11.1/log4j-api-2.11.1.jar:/Users/macbook/.m2/repository/org/slf4j/jul-to-slf4j/1.7.25/jul-to-slf4j-1.7.25.jar:/Users/macbook/.m2/repository/org/yaml/snakeyaml/1.23/snakeyaml-1.23.jar:/Users/macbook/.m2/repository/org/springframework/spring-aop/5.1.2.RELEASE/spring-aop-5.1.2.RELEASE.jar:/Users/macbook/.m2/repository/org/aspectj/aspectjweaver/1.9.2/aspectjweaver-1.9.2.jar:/Users/macbook/.m2/repository/org/springframework/boot/spring-boot-starter-data-jpa/2.1.0.RELEASE/spring-boot-starter-data-jpa-2.1.0.RELEASE.jar:/Users/macbook/.m2/repository/org/springframework/boot/spring-boot-starter-jdbc/2.1.0.RELEASE/spring-boot-starter-jdbc-2.1.0.RELEASE.jar:/Users/macbook/.m2/repository/com/zaxxer/HikariCP/3.2.0/HikariCP-3.2.0.jar:/Users/macbook/.m2/repository/org/springframework/spring-jdbc/5.1.2.RELEASE/spring-jdbc-5.1.2.RELEASE.jar:/Users/macbook/.m2/repository/javax/transaction/javax.transaction-api/1.3/javax.transaction-api-1.3.jar:/Users/macbook/.m2/repository/javax/xml/bind/jaxb-api/2.3.1/jaxb-api-2.3.1.jar:/Users/macbook/.m2/repository/javax/activation/javax.activation-api/1.2.0/javax.activation-api-1.2.0.jar:/Users/macbook/.m2/repository/org/hibernate/hibernate-core/5.3.7.Final/hibernate-core-5.3.7.Final.jar:/Users/macbook/.m2/repository/org/jboss/logging/jboss-logging/3.3.2.Final/jboss-logging-3.3.2.Final.jar:/Users/macbook/.m2/repository/javax/persistence/javax.persistence-api/2.2/javax.persistence-api-2.2.jar:/Users/macbook/.m2/repository/org/javassist/javassist/3.23.1-GA/javassist-3.23.1-GA.jar:/Users/macbook/.m2/repository/net/bytebuddy/byte-buddy/1.9.3/byte-buddy-1.9.3.jar:/Users/macbook/.m2/repository/antlr/antlr/2.7.7/antlr-2.7.7.jar:/Users/macbook/.m2/repository/org/jboss/jandex/2.0.5.Final/jandex-2.0.5.Final.jar:/Users/macbook/.m2/repository/org/dom4j/dom4j/2.1.1/dom4j-2.1.1.jar:/Users/macbook/.m2/repository/org/hibernate/common/hibernate-commons-annotations/5.0.4.Final/hibernate-commons-annotations-5.0.4.Final.jar:/Users/macbook/.m2/repository/org/springframework/data/spring-data-jpa/2.1.2.RELEASE/spring-data-jpa-2.1.2.RELEASE.jar:/Users/macbook/.m2/repository/org/springframework/data/spring-data-commons/2.1.2.RELEASE/spring-data-commons-2.1.2.RELEASE.jar:/Users/macbook/.m2/repository/org/springframework/spring-orm/5.1.2.RELEASE/spring-orm-5.1.2.RELEASE.jar:/Users/macbook/.m2/repository/org/springframework/spring-tx/5.1.2.RELEASE/spring-tx-5.1.2.RELEASE.jar:/Users/macbook/.m2/repository/org/springframework/spring-aspects/5.1.2.RELEASE/spring-aspects-5.1.2.RELEASE.jar:/Users/macbook/.m2/repository/org/springframework/boot/spring-boot-starter-data-ldap/2.1.0.RELEASE/spring-boot-starter-data-ldap-2.1.0.RELEASE.jar:/Users/macbook/.m2/repository/org/springframework/data/spring-data-ldap/2.1.2.RELEASE/spring-data-ldap-2.1.2.RELEASE.jar:/Users/macbook/.m2/repository/org/springframework/ldap/spring-ldap-core/2.3.2.RELEASE/spring-ldap-core-2.3.2.RELEASE.jar:/Users/macbook/.m2/repository/org/springframework/boot/spring-boot-starter-data-mongodb/2.1.0.RELEASE/spring-boot-starter-data-mongodb-2.1.0.RELEASE.jar:/Users/macbook/.m2/repository/org/mongodb/mongodb-driver/3.8.2/mongodb-driver-3.8.2.jar:/Users/macbook/.m2/repository/org/mongodb/bson/3.8.2/bson-3.8.2.jar:/Users/macbook/.m2/repository/org/mongodb/mongodb-driver-core/3.8.2/mongodb-driver-core-3.8.2.jar:/Users/macbook/.m2/repository/org/springframework/data/spring-data-mongodb/2.1.2.RELEASE/spring-data-mongodb-2.1.2.RELEASE.jar:/Users/macbook/.m2/repository/org/springframework/spring-expression/5.1.2.RELEASE/spring-expression-5.1.2.RELEASE.jar:/Users/macbook/.m2/repository/org/springframework/boot/spring-boot-starter-data-rest/2.1.0.RELEASE/spring-boot-starter-data-rest-2.1.0.RELEASE.jar:/Users/macbook/.m2/repository/org/springframework/boot/spring-boot-starter-json/2.1.0.RELEASE/spring-boot-starter-json-2.1.0.RELEASE.jar:/Users/macbook/.m2/repository/com/fasterxml/jackson/datatype/jackson-datatype-jdk8/2.9.7/jackson-datatype-jdk8-2.9.7.jar:/Users/macbook/.m2/repository/com/fasterxml/jackson/datatype/jackson-datatype-jsr310/2.9.7/jackson-datatype-jsr310-2.9.7.jar:/Users/macbook/.m2/repository/com/fasterxml/jackson/module/jackson-module-parameter-names/2.9.7/jackson-module-parameter-names-2.9.7.jar:/Users/macbook/.m2/repository/org/springframework/data/spring-data-rest-webmvc/3.1.2.RELEASE/spring-data-rest-webmvc-3.1.2.RELEASE.jar:/Users/macbook/.m2/repository/org/springframework/data/spring-data-rest-core/3.1.2.RELEASE/spring-data-rest-core-3.1.2.RELEASE.jar:/Users/macbook/.m2/repository/org/springframework/hateoas/spring-hateoas/0.25.0.RELEASE/spring-hateoas-0.25.0.RELEASE.jar:/Users/macbook/.m2/repository/org/atteo/evo-inflector/1.2.2/evo-inflector-1.2.2.jar:/Users/macbook/.m2/repository/org/springframework/boot/spring-boot-starter-integration/2.1.0.RELEASE/spring-boot-starter-integration-2.1.0.RELEASE.jar:/Users/macbook/.m2/repository/org/springframework/integration/spring-integration-core/5.1.0.RELEASE/spring-integration-core-5.1.0.RELEASE.jar:/Users/macbook/.m2/repository/org/springframework/spring-messaging/5.1.2.RELEASE/spring-messaging-5.1.2.RELEASE.jar:/Users/macbook/.m2/repository/org/springframework/retry/spring-retry/1.2.2.RELEASE/spring-retry-1.2.2.RELEASE.jar:/Users/macbook/.m2/repository/io/projectreactor/reactor-core/3.2.2.RELEASE/reactor-core-3.2.2.RELEASE.jar:/Users/macbook/.m2/repository/org/reactivestreams/reactive-streams/1.0.2/reactive-streams-1.0.2.jar:/Users/macbook/.m2/repository/org/springframework/boot/spring-boot-starter-mail/2.1.0.RELEASE/spring-boot-starter-mail-2.1.0.RELEASE.jar:/Users/macbook/.m2/repository/org/springframework/spring-context/5.1.2.RELEASE/spring-context-5.1.2.RELEASE.jar:/Users/macbook/.m2/repository/org/springframework/spring-context-support/5.1.2.RELEASE/spring-context-support-5.1.2.RELEASE.jar:/Users/macbook/.m2/repository/com/sun/mail/javax.mail/1.6.2/javax.mail-1.6.2.jar:/Users/macbook/.m2/repository/javax/activation/activation/1.1/activation-1.1.jar:/Users/macbook/.m2/repository/org/springframework/boot/spring-boot-starter-security/2.1.0.RELEASE/spring-boot-starter-security-2.1.0.RELEASE.jar:/Users/macbook/.m2/repository/org/springframework/security/spring-security-config/5.1.1.RELEASE/spring-security-config-5.1.1.RELEASE.jar:/Users/macbook/.m2/repository/org/springframework/security/spring-security-web/5.1.1.RELEASE/spring-security-web-5.1.1.RELEASE.jar:/Users/macbook/.m2/repository/org/springframework/boot/spring-boot-starter-thymeleaf/2.1.0.RELEASE/spring-boot-starter-thymeleaf-2.1.0.RELEASE.jar:/Users/macbook/.m2/repository/org/thymeleaf/thymeleaf-spring5/3.0.11.RELEASE/thymeleaf-spring5-3.0.11.RELEASE.jar:/Users/macbook/.m2/repository/org/thymeleaf/thymeleaf/3.0.11.RELEASE/thymeleaf-3.0.11.RELEASE.jar:/Users/macbook/.m2/repository/org/attoparser/attoparser/2.0.5.RELEASE/attoparser-2.0.5.RELEASE.jar:/Users/macbook/.m2/repository/org/unbescape/unbescape/1.1.6.RELEASE/unbescape-1.1.6.RELEASE.jar:/Users/macbook/.m2/repository/org/thymeleaf/extras/thymeleaf-extras-java8time/3.0.1.RELEASE/thymeleaf-extras-java8time-3.0.1.RELEASE.jar:/Users/macbook/.m2/repository/org/springframework/boot/spring-boot-starter-validation/2.1.0.RELEASE/spring-boot-starter-validation-2.1.0.RELEASE.jar:/Users/macbook/.m2/repository/org/apache/tomcat/embed/tomcat-embed-el/9.0.12/tomcat-embed-el-9.0.12.jar:/Users/macbook/.m2/repository/org/hibernate/validator/hibernate-validator/6.0.13.Final/hibernate-validator-6.0.13.Final.jar:/Users/macbook/.m2/repository/javax/validation/validation-api/2.0.1.Final/validation-api-2.0.1.Final.jar:/Users/macbook/.m2/repository/org/springframework/boot/spring-boot-starter-web/2.1.0.RELEASE/spring-boot-starter-web-2.1.0.RELEASE.jar:/Users/macbook/.m2/repository/org/springframework/spring-web/5.1.2.RELEASE/spring-web-5.1.2.RELEASE.jar:/Users/macbook/.m2/repository/org/springframework/spring-webmvc/5.1.2.RELEASE/spring-webmvc-5.1.2.RELEASE.jar:/Users/macbook/.m2/repository/org/springframework/boot/spring-boot-starter-web-services/2.1.0.RELEASE/spring-boot-starter-web-services-2.1.0.RELEASE.jar:/Users/macbook/.m2/repository/com/sun/xml/messaging/saaj/saaj-impl/1.5.0/saaj-impl-1.5.0.jar:/Users/macbook/.m2/repository/javax/xml/soap/javax.xml.soap-api/1.4.0/javax.xml.soap-api-1.4.0.jar:/Users/macbook/.m2/repository/org/jvnet/mimepull/mimepull/1.9.10/mimepull-1.9.10.jar:/Users/macbook/.m2/repository/org/jvnet/staxex/stax-ex/1.8/stax-ex-1.8.jar:/Users/macbook/.m2/repository/javax/xml/ws/jaxws-api/2.3.1/jaxws-api-2.3.1.jar:/Users/macbook/.m2/repository/org/springframework/spring-oxm/5.1.2.RELEASE/spring-oxm-5.1.2.RELEASE.jar:/Users/macbook/.m2/repository/org/springframework/ws/spring-ws-core/3.0.4.RELEASE/spring-ws-core-3.0.4.RELEASE.jar:/Users/macbook/.m2/repository/org/springframework/ws/spring-xml/3.0.4.RELEASE/spring-xml-3.0.4.RELEASE.jar:/Users/macbook/.m2/repository/commons-io/commons-io/2.5/commons-io-2.5.jar:/Users/macbook/.m2/repository/de/codecentric/spring-boot-admin-starter-client/2.1.1/spring-boot-admin-starter-client-2.1.1.jar:/Users/macbook/.m2/repository/de/codecentric/spring-boot-admin-client/2.1.1/spring-boot-admin-client-2.1.1.jar:/Users/macbook/.m2/repository/org/springframework/boot/spring-boot-starter-actuator/2.1.0.RELEASE/spring-boot-starter-actuator-2.1.0.RELEASE.jar:/Users/macbook/.m2/repository/org/springframework/boot/spring-boot-actuator-autoconfigure/2.1.0.RELEASE/spring-boot-actuator-autoconfigure-2.1.0.RELEASE.jar:/Users/macbook/.m2/repository/org/springframework/boot/spring-boot-actuator/2.1.0.RELEASE/spring-boot-actuator-2.1.0.RELEASE.jar:/Users/macbook/.m2/repository/io/micrometer/micrometer-core/1.1.0/micrometer-core-1.1.0.jar:/Users/macbook/.m2/repository/org/hdrhistogram/HdrHistogram/2.1.9/HdrHistogram-2.1.9.jar:/Users/macbook/.m2/repository/org/latencyutils/LatencyUtils/2.0.3/LatencyUtils-2.0.3.jar:/Users/macbook/.m2/repository/org/jolokia/jolokia-core/1.6.0/jolokia-core-1.6.0.jar:/Users/macbook/.m2/repository/com/googlecode/json-simple/json-simple/1.1.1/json-simple-1.1.1.jar:/Users/macbook/.m2/repository/com/google/code/findbugs/jsr305/3.0.2/jsr305-3.0.2.jar:/Users/macbook/.m2/repository/de/codecentric/spring-boot-admin-starter-server/2.1.1/spring-boot-admin-starter-server-2.1.1.jar:/Users/macbook/.m2/repository/de/codecentric/spring-boot-admin-server/2.1.1/spring-boot-admin-server-2.1.1.jar:/Users/macbook/.m2/repository/org/springframework/boot/spring-boot-starter-webflux/2.1.0.RELEASE/spring-boot-starter-webflux-2.1.0.RELEASE.jar:/Users/macbook/.m2/repository/org/springframework/boot/spring-boot-starter-reactor-netty/2.1.0.RELEASE/spring-boot-starter-reactor-netty-2.1.0.RELEASE.jar:/Users/macbook/.m2/repository/io/projectreactor/netty/reactor-netty/0.8.2.RELEASE/reactor-netty-0.8.2.RELEASE.jar:/Users/macbook/.m2/repository/io/netty/netty-codec-http2/4.1.29.Final/netty-codec-http2-4.1.29.Final.jar:/Users/macbook/.m2/repository/io/netty/netty-handler-proxy/4.1.29.Final/netty-handler-proxy-4.1.29.Final.jar:/Users/macbook/.m2/repository/io/netty/netty-codec-socks/4.1.29.Final/netty-codec-socks-4.1.29.Final.jar:/Users/macbook/.m2/repository/io/netty/netty-transport-native-epoll/4.1.29.Final/netty-transport-native-epoll-4.1.29.Final-linux-x86_64.jar:/Users/macbook/.m2/repository/io/netty/netty-transport-native-unix-common/4.1.29.Final/netty-transport-native-unix-common-4.1.29.Final.jar:/Users/macbook/.m2/repository/org/springframework/spring-webflux/5.1.2.RELEASE/spring-webflux-5.1.2.RELEASE.jar:/Users/macbook/.m2/repository/org/synchronoss/cloud/nio-multipart-parser/1.1.0/nio-multipart-parser-1.1.0.jar:/Users/macbook/.m2/repository/org/synchronoss/cloud/nio-stream-storage/1.1.3/nio-stream-storage-1.1.3.jar:/Users/macbook/.m2/repository/io/projectreactor/addons/reactor-extra/3.2.0.RELEASE/reactor-extra-3.2.0.RELEASE.jar:/Users/macbook/.m2/repository/de/codecentric/spring-boot-admin-server-ui/2.1.1/spring-boot-admin-server-ui-2.1.1.jar:/Users/macbook/.m2/repository/de/codecentric/spring-boot-admin-server-cloud/2.1.1/spring-boot-admin-server-cloud-2.1.1.jar:/Users/macbook/.m2/repository/org/modelmapper/modelmapper/0.7.5/modelmapper-0.7.5.jar:/Users/macbook/.m2/repository/org/projectlombok/lombok/1.18.4/lombok-1.18.4.jar:/Users/macbook/.m2/repository/com/auth0/java-jwt/3.4.1/java-jwt-3.4.1.jar:/Users/macbook/.m2/repository/commons-codec/commons-codec/1.11/commons-codec-1.11.jar:/Users/macbook/.m2/repository/org/springframework/security/spring-security-jwt/1.0.9.RELEASE/spring-security-jwt-1.0.9.RELEASE.jar:/Users/macbook/.m2/repository/org/bouncycastle/bcpkix-jdk15on/1.56/bcpkix-jdk15on-1.56.jar:/Users/macbook/.m2/repository/org/bouncycastle/bcprov-jdk15on/1.56/bcprov-jdk15on-1.56.jar:/Users/macbook/.m2/repository/io/jsonwebtoken/jjwt/0.9.1/jjwt-0.9.1.jar:/Users/macbook/.m2/repository/com/amazonaws/aws-java-sdk-s3/1.11.455/aws-java-sdk-s3-1.11.455.jar:/Users/macbook/.m2/repository/com/amazonaws/aws-java-sdk-kms/1.11.455/aws-java-sdk-kms-1.11.455.jar:/Users/macbook/.m2/repository/com/amazonaws/jmespath-java/1.11.455/jmespath-java-1.11.455.jar:/Users/macbook/.m2/repository/io/springfox/springfox-swagger2/2.9.2/springfox-swagger2-2.9.2.jar:/Users/macbook/.m2/repository/io/swagger/swagger-annotations/1.5.20/swagger-annotations-1.5.20.jar:/Users/macbook/.m2/repository/io/swagger/swagger-models/1.5.20/swagger-models-1.5.20.jar:/Users/macbook/.m2/repository/io/springfox/springfox-spi/2.9.2/springfox-spi-2.9.2.jar:/Users/macbook/.m2/repository/io/springfox/springfox-core/2.9.2/springfox-core-2.9.2.jar:/Users/macbook/.m2/repository/io/springfox/springfox-schema/2.9.2/springfox-schema-2.9.2.jar:/Users/macbook/.m2/repository/io/springfox/springfox-swagger-common/2.9.2/springfox-swagger-common-2.9.2.jar:/Users/macbook/.m2/repository/io/springfox/springfox-spring-web/2.9.2/springfox-spring-web-2.9.2.jar:/Users/macbook/.m2/repository/com/google/guava/guava/20.0/guava-20.0.jar:/Users/macbook/.m2/repository/com/fasterxml/classmate/1.4.0/classmate-1.4.0.jar:/Users/macbook/.m2/repository/org/slf4j/slf4j-api/1.7.25/slf4j-api-1.7.25.jar:/Users/macbook/.m2/repository/org/springframework/plugin/spring-plugin-core/1.2.0.RELEASE/spring-plugin-core-1.2.0.RELEASE.jar:/Users/macbook/.m2/repository/org/springframework/plugin/spring-plugin-metadata/1.2.0.RELEASE/spring-plugin-metadata-1.2.0.RELEASE.jar:/Users/macbook/.m2/repository/org/mapstruct/mapstruct/1.2.0.Final/mapstruct-1.2.0.Final.jar:/Users/macbook/.m2/repository/io/springfox/springfox-swagger-ui/2.9.2/springfox-swagger-ui-2.9.2.jar:/Users/macbook/.m2/repository/mysql/mysql-connector-java/8.0.13/mysql-connector-java-8.0.13.jar:/Users/macbook/.m2/repository/org/springframework/boot/spring-boot-starter-test/2.1.0.RELEASE/spring-boot-starter-test-2.1.0.RELEASE.jar:/Users/macbook/.m2/repository/org/springframework/boot/spring-boot-test/2.1.0.RELEASE/spring-boot-test-2.1.0.RELEASE.jar:/Users/macbook/.m2/repository/org/springframework/boot/spring-boot-test-autoconfigure/2.1.0.RELEASE/spring-boot-test-autoconfigure-2.1.0.RELEASE.jar:/Users/macbook/.m2/repository/com/jayway/jsonpath/json-path/2.4.0/json-path-2.4.0.jar:/Users/macbook/.m2/repository/net/minidev/json-smart/2.3/json-smart-2.3.jar:/Users/macbook/.m2/repository/net/minidev/accessors-smart/1.2/accessors-smart-1.2.jar:/Users/macbook/.m2/repository/org/ow2/asm/asm/5.0.4/asm-5.0.4.jar:/Users/macbook/.m2/repository/junit/junit/4.12/junit-4.12.jar:/Users/macbook/.m2/repository/org/assertj/assertj-core/3.11.1/assertj-core-3.11.1.jar:/Users/macbook/.m2/repository/org/mockito/mockito-core/2.23.0/mockito-core-2.23.0.jar:/Users/macbook/.m2/repository/net/bytebuddy/byte-buddy-agent/1.9.3/byte-buddy-agent-1.9.3.jar:/Users/macbook/.m2/repository/org/objenesis/objenesis/2.6/objenesis-2.6.jar:/Users/macbook/.m2/repository/org/hamcrest/hamcrest-core/1.3/hamcrest-core-1.3.jar:/Users/macbook/.m2/repository/org/hamcrest/hamcrest-library/1.3/hamcrest-library-1.3.jar:/Users/macbook/.m2/repository/org/skyscreamer/jsonassert/1.5.0/jsonassert-1.5.0.jar:/Users/macbook/.m2/repository/com/vaadin/external/google/android-json/0.0.20131108.vaadin1/android-json-0.0.20131108.vaadin1.jar:/Users/macbook/.m2/repository/org/springframework/spring-core/5.1.2.RELEASE/spring-core-5.1.2.RELEASE.jar:/Users/macbook/.m2/repository/org/springframework/spring-jcl/5.1.2.RELEASE/spring-jcl-5.1.2.RELEASE.jar:/Users/macbook/.m2/repository/org/springframework/spring-test/5.1.2.RELEASE/spring-test-5.1.2.RELEASE.jar:/Users/macbook/.m2/repository/org/xmlunit/xmlunit-core/2.6.2/xmlunit-core-2.6.2.jar:/Users/macbook/.m2/repository/org/springframework/security/spring-security-test/5.1.1.RELEASE/spring-security-test-5.1.1.RELEASE.jar:/Users/macbook/.m2/repository/org/springframework/security/spring-security-core/5.1.1.RELEASE/spring-security-core-5.1.1.RELEASE.jar:/Users/macbook/.m2/repository/com/squareup/okhttp/okhttp/2.7.5/okhttp-2.7.5.jar:/Users/macbook/.m2/repository/com/squareup/okio/okio/1.6.0/okio-1.6.0.jar:/Users/macbook/.m2/repository/com/fasterxml/jackson/core/jackson-core/2.9.7/jackson-core-2.9.7.jar:/Users/macbook/.m2/repository/org/springframework/boot/spring-boot-starter-tomcat/2.1.0.RELEASE/spring-boot-starter-tomcat-2.1.0.RELEASE.jar:/Users/macbook/.m2/repository/javax/annotation/javax.annotation-api/1.3.2/javax.annotation-api-1.3.2.jar:/Users/macbook/.m2/repository/org/apache/tomcat/embed/tomcat-embed-core/9.0.12/tomcat-embed-core-9.0.12.jar:/Users/macbook/.m2/repository/org/apache/tomcat/embed/tomcat-embed-websocket/9.0.12/tomcat-embed-websocket-9.0.12.jar:/Users/macbook/.m2/repository/com/fasterxml/jackson/core/jackson-annotations/2.9.7/jackson-annotations-2.9.7.jar:/Users/macbook/.m2/repository/com/fasterxml/jackson/core/jackson-databind/2.9.7/jackson-databind-2.9.7.jar:/Users/macbook/.m2/repository/com/amazonaws/aws-java-sdk-sqs/1.11.470/aws-java-sdk-sqs-1.11.470.jar:/Users/macbook/.m2/repository/com/amazonaws/aws-java-sdk-core/1.11.470/aws-java-sdk-core-1.11.470.jar:/Users/macbook/.m2/repository/commons-logging/commons-logging/1.1.3/commons-logging-1.1.3.jar:/Users/macbook/.m2/repository/org/apache/httpcomponents/httpclient/4.5.6/httpclient-4.5.6.jar:/Users/macbook/.m2/repository/org/apache/httpcomponents/httpcore/4.4.10/httpcore-4.4.10.jar:/Users/macbook/.m2/repository/software/amazon/ion/ion-java/1.0.2/ion-java-1.0.2.jar:/Users/macbook/.m2/repository/com/fasterxml/jackson/dataformat/jackson-dataformat-cbor/2.9.7/jackson-dataformat-cbor-2.9.7.jar:/Users/macbook/.m2/repository/joda-time/joda-time/2.10.1/joda-time-2.10.1.jar:/Users/macbook/.m2/repository/com/amazonaws/aws-java-sdk/1.11.470/aws-java-sdk-1.11.470.jar:/Users/macbook/.m2/repository/com/amazonaws/aws-java-sdk-kafka/1.11.470/aws-java-sdk-kafka-1.11.470.jar:/Users/macbook/.m2/repository/com/amazonaws/aws-java-sdk-appmesh/1.11.470/aws-java-sdk-appmesh-1.11.470.jar:/Users/macbook/.m2/repository/com/amazonaws/aws-java-sdk-licensemanager/1.11.470/aws-java-sdk-licensemanager-1.11.470.jar:/Users/macbook/.m2/repository/com/amazonaws/aws-java-sdk-securityhub/1.11.470/aws-java-sdk-securityhub-1.11.470.jar:/Users/macbook/.m2/repository/com/amazonaws/aws-java-sdk-fsx/1.11.470/aws-java-sdk-fsx-1.11.470.jar:/Users/macbook/.m2/repository/com/amazonaws/aws-java-sdk-mediaconnect/1.11.470/aws-java-sdk-mediaconnect-1.11.470.jar:/Users/macbook/.m2/repository/com/amazonaws/aws-java-sdk-kinesisanalyticsv2/1.11.470/aws-java-sdk-kinesisanalyticsv2-1.11.470.jar:/Users/macbook/.m2/repository/com/amazonaws/aws-java-sdk-comprehendmedical/1.11.470/aws-java-sdk-comprehendmedical-1.11.470.jar:/Users/macbook/.m2/repository/com/amazonaws/aws-java-sdk-globalaccelerator/1.11.470/aws-java-sdk-globalaccelerator-1.11.470.jar:/Users/macbook/.m2/repository/com/amazonaws/aws-java-sdk-transfer/1.11.470/aws-java-sdk-transfer-1.11.470.jar:/Users/macbook/.m2/repository/com/amazonaws/aws-java-sdk-datasync/1.11.470/aws-java-sdk-datasync-1.11.470.jar:/Users/macbook/.m2/repository/com/amazonaws/aws-java-sdk-robomaker/1.11.470/aws-java-sdk-robomaker-1.11.470.jar:/Users/macbook/.m2/repository/com/amazonaws/aws-java-sdk-amplify/1.11.470/aws-java-sdk-amplify-1.11.470.jar:/Users/macbook/.m2/repository/com/amazonaws/aws-java-sdk-quicksight/1.11.470/aws-java-sdk-quicksight-1.11.470.jar:/Users/macbook/.m2/repository/com/amazonaws/aws-java-sdk-rdsdata/1.11.470/aws-java-sdk-rdsdata-1.11.470.jar:/Users/macbook/.m2/repository/com/amazonaws/aws-java-sdk-route53resolver/1.11.470/aws-java-sdk-route53resolver-1.11.470.jar:/Users/macbook/.m2/repository/com/amazonaws/aws-java-sdk-ram/1.11.470/aws-java-sdk-ram-1.11.470.jar:/Users/macbook/.m2/repository/com/amazonaws/aws-java-sdk-s3control/1.11.470/aws-java-sdk-s3control-1.11.470.jar:/Users/macbook/.m2/repository/com/amazonaws/aws-java-sdk-pinpointsmsvoice/1.11.470/aws-java-sdk-pinpointsmsvoice-1.11.470.jar:/Users/macbook/.m2/repository/com/amazonaws/aws-java-sdk-pinpointemail/1.11.470/aws-java-sdk-pinpointemail-1.11.470.jar:/Users/macbook/.m2/repository/com/amazonaws/aws-java-sdk-chime/1.11.470/aws-java-sdk-chime-1.11.470.jar:/Users/macbook/.m2/repository/com/amazonaws/aws-java-sdk-signer/1.11.470/aws-java-sdk-signer-1.11.470.jar:/Users/macbook/.m2/repository/com/amazonaws/aws-java-sdk-dlm/1.11.470/aws-java-sdk-dlm-1.11.470.jar:/Users/macbook/.m2/repository/com/amazonaws/aws-java-sdk-macie/1.11.470/aws-java-sdk-macie-1.11.470.jar:/Users/macbook/.m2/repository/com/amazonaws/aws-java-sdk-eks/1.11.470/aws-java-sdk-eks-1.11.470.jar:/Users/macbook/.m2/repository/com/amazonaws/aws-java-sdk-mediatailor/1.11.470/aws-java-sdk-mediatailor-1.11.470.jar:/Users/macbook/.m2/repository/com/amazonaws/aws-java-sdk-neptune/1.11.470/aws-java-sdk-neptune-1.11.470.jar:/Users/macbook/.m2/repository/com/amazonaws/aws-java-sdk-pi/1.11.470/aws-java-sdk-pi-1.11.470.jar:/Users/macbook/.m2/repository/com/amazonaws/aws-java-sdk-iot1clickprojects/1.11.470/aws-java-sdk-iot1clickprojects-1.11.470.jar:/Users/macbook/.m2/repository/com/amazonaws/aws-java-sdk-iot1clickdevices/1.11.470/aws-java-sdk-iot1clickdevices-1.11.470.jar:/Users/macbook/.m2/repository/com/amazonaws/aws-java-sdk-iotanalytics/1.11.470/aws-java-sdk-iotanalytics-1.11.470.jar:/Users/macbook/.m2/repository/com/amazonaws/aws-java-sdk-acmpca/1.11.470/aws-java-sdk-acmpca-1.11.470.jar:/Users/macbook/.m2/repository/com/amazonaws/aws-java-sdk-secretsmanager/1.11.470/aws-java-sdk-secretsmanager-1.11.470.jar:/Users/macbook/.m2/repository/com/amazonaws/aws-java-sdk-fms/1.11.470/aws-java-sdk-fms-1.11.470.jar:/Users/macbook/.m2/repository/com/amazonaws/aws-java-sdk-connect/1.11.470/aws-java-sdk-connect-1.11.470.jar:/Users/macbook/.m2/repository/com/amazonaws/aws-java-sdk-transcribe/1.11.470/aws-java-sdk-transcribe-1.11.470.jar:/Users/macbook/.m2/repository/com/amazonaws/aws-java-sdk-autoscalingplans/1.11.470/aws-java-sdk-autoscalingplans-1.11.470.jar:/Users/macbook/.m2/repository/com/amazonaws/aws-java-sdk-workmail/1.11.470/aws-java-sdk-workmail-1.11.470.jar:/Users/macbook/.m2/repository/com/amazonaws/aws-java-sdk-servicediscovery/1.11.470/aws-java-sdk-servicediscovery-1.11.470.jar:/Users/macbook/.m2/repository/com/amazonaws/aws-java-sdk-cloud9/1.11.470/aws-java-sdk-cloud9-1.11.470.jar:/Users/macbook/.m2/repository/com/amazonaws/aws-java-sdk-serverlessapplicationrepository/1.11.470/aws-java-sdk-serverlessapplicationrepository-1.11.470.jar:/Users/macbook/.m2/repository/com/amazonaws/aws-java-sdk-alexaforbusiness/1.11.470/aws-java-sdk-alexaforbusiness-1.11.470.jar:/Users/macbook/.m2/repository/com/amazonaws/aws-java-sdk-resourcegroups/1.11.470/aws-java-sdk-resourcegroups-1.11.470.jar:/Users/macbook/.m2/repository/com/amazonaws/aws-java-sdk-comprehend/1.11.470/aws-java-sdk-comprehend-1.11.470.jar:/Users/macbook/.m2/repository/com/amazonaws/aws-java-sdk-translate/1.11.470/aws-java-sdk-translate-1.11.470.jar:/Users/macbook/.m2/repository/com/amazonaws/aws-java-sdk-sagemaker/1.11.470/aws-java-sdk-sagemaker-1.11.470.jar:/Users/macbook/.m2/repository/com/amazonaws/aws-java-sdk-iotjobsdataplane/1.11.470/aws-java-sdk-iotjobsdataplane-1.11.470.jar:/Users/macbook/.m2/repository/com/amazonaws/aws-java-sdk-sagemakerruntime/1.11.470/aws-java-sdk-sagemakerruntime-1.11.470.jar:/Users/macbook/.m2/repository/com/amazonaws/aws-java-sdk-kinesisvideo/1.11.470/aws-java-sdk-kinesisvideo-1.11.470.jar:/Users/macbook/.m2/repository/io/netty/netty-codec-http/4.1.29.Final/netty-codec-http-4.1.29.Final.jar:/Users/macbook/.m2/repository/io/netty/netty-codec/4.1.29.Final/netty-codec-4.1.29.Final.jar:/Users/macbook/.m2/repository/io/netty/netty-handler/4.1.29.Final/netty-handler-4.1.29.Final.jar:/Users/macbook/.m2/repository/io/netty/netty-buffer/4.1.29.Final/netty-buffer-4.1.29.Final.jar:/Users/macbook/.m2/repository/io/netty/netty-common/4.1.29.Final/netty-common-4.1.29.Final.jar:/Users/macbook/.m2/repository/io/netty/netty-transport/4.1.29.Final/netty-transport-4.1.29.Final.jar:/Users/macbook/.m2/repository/io/netty/netty-resolver/4.1.29.Final/netty-resolver-4.1.29.Final.jar:/Users/macbook/.m2/repository/com/amazonaws/aws-java-sdk-appsync/1.11.470/aws-java-sdk-appsync-1.11.470.jar:/Users/macbook/.m2/repository/com/amazonaws/aws-java-sdk-guardduty/1.11.470/aws-java-sdk-guardduty-1.11.470.jar:/Users/macbook/.m2/repository/com/amazonaws/aws-java-sdk-mq/1.11.470/aws-java-sdk-mq-1.11.470.jar:/Users/macbook/.m2/repository/com/amazonaws/aws-java-sdk-mediaconvert/1.11.470/aws-java-sdk-mediaconvert-1.11.470.jar:/Users/macbook/.m2/repository/com/amazonaws/aws-java-sdk-mediastore/1.11.470/aws-java-sdk-mediastore-1.11.470.jar:/Users/macbook/.m2/repository/com/amazonaws/aws-java-sdk-mediastoredata/1.11.470/aws-java-sdk-mediastoredata-1.11.470.jar:/Users/macbook/.m2/repository/com/amazonaws/aws-java-sdk-medialive/1.11.470/aws-java-sdk-medialive-1.11.470.jar:/Users/macbook/.m2/repository/com/amazonaws/aws-java-sdk-mediapackage/1.11.470/aws-java-sdk-mediapackage-1.11.470.jar:/Users/macbook/.m2/repository/com/amazonaws/aws-java-sdk-costexplorer/1.11.470/aws-java-sdk-costexplorer-1.11.470.jar:/Users/macbook/.m2/repository/com/amazonaws/aws-java-sdk-pricing/1.11.470/aws-java-sdk-pricing-1.11.470.jar:/Users/macbook/.m2/repository/com/amazonaws/aws-java-sdk-mobile/1.11.470/aws-java-sdk-mobile-1.11.470.jar:/Users/macbook/.m2/repository/com/amazonaws/aws-java-sdk-cloudhsmv2/1.11.470/aws-java-sdk-cloudhsmv2-1.11.470.jar:/Users/macbook/.m2/repository/com/amazonaws/aws-java-sdk-glue/1.11.470/aws-java-sdk-glue-1.11.470.jar:/Users/macbook/.m2/repository/com/amazonaws/aws-java-sdk-migrationhub/1.11.470/aws-java-sdk-migrationhub-1.11.470.jar:/Users/macbook/.m2/repository/com/amazonaws/aws-java-sdk-dax/1.11.470/aws-java-sdk-dax-1.11.470.jar:/Users/macbook/.m2/repository/com/amazonaws/aws-java-sdk-greengrass/1.11.470/aws-java-sdk-greengrass-1.11.470.jar:/Users/macbook/.m2/repository/com/amazonaws/aws-java-sdk-athena/1.11.470/aws-java-sdk-athena-1.11.470.jar:/Users/macbook/.m2/repository/com/amazonaws/aws-java-sdk-marketplaceentitlement/1.11.470/aws-java-sdk-marketplaceentitlement-1.11.470.jar:/Users/macbook/.m2/repository/com/amazonaws/aws-java-sdk-codestar/1.11.470/aws-java-sdk-codestar-1.11.470.jar:/Users/macbook/.m2/repository/com/amazonaws/aws-java-sdk-lexmodelbuilding/1.11.470/aws-java-sdk-lexmodelbuilding-1.11.470.jar:/Users/macbook/.m2/repository/com/amazonaws/aws-java-sdk-resourcegroupstaggingapi/1.11.470/aws-java-sdk-resourcegroupstaggingapi-1.11.470.jar:/Users/macbook/.m2/repository/com/amazonaws/aws-java-sdk-pinpoint/1.11.470/aws-java-sdk-pinpoint-1.11.470.jar:/Users/macbook/.m2/repository/com/amazonaws/aws-java-sdk-xray/1.11.470/aws-java-sdk-xray-1.11.470.jar:/Users/macbook/.m2/repository/com/amazonaws/aws-java-sdk-opsworkscm/1.11.470/aws-java-sdk-opsworkscm-1.11.470.jar:/Users/macbook/.m2/repository/com/amazonaws/aws-java-sdk-support/1.11.470/aws-java-sdk-support-1.11.470.jar:/Users/macbook/.m2/repository/com/amazonaws/aws-java-sdk-simpledb/1.11.470/aws-java-sdk-simpledb-1.11.470.jar:/Users/macbook/.m2/repository/com/amazonaws/aws-java-sdk-servicecatalog/1.11.470/aws-java-sdk-servicecatalog-1.11.470.jar:/Users/macbook/.m2/repository/com/amazonaws/aws-java-sdk-servermigration/1.11.470/aws-java-sdk-servermigration-1.11.470.jar:/Users/macbook/.m2/repository/com/amazonaws/aws-java-sdk-simpleworkflow/1.11.470/aws-java-sdk-simpleworkflow-1.11.470.jar:/Users/macbook/.m2/repository/com/amazonaws/aws-java-sdk-storagegateway/1.11.470/aws-java-sdk-storagegateway-1.11.470.jar:/Users/macbook/.m2/repository/com/amazonaws/aws-java-sdk-route53/1.11.470/aws-java-sdk-route53-1.11.470.jar:/Users/macbook/.m2/repository/com/amazonaws/aws-java-sdk-importexport/1.11.470/aws-java-sdk-importexport-1.11.470.jar:/Users/macbook/.m2/repository/com/amazonaws/aws-java-sdk-sts/1.11.470/aws-java-sdk-sts-1.11.470.jar:/Users/macbook/.m2/repository/com/amazonaws/aws-java-sdk-rds/1.11.470/aws-java-sdk-rds-1.11.470.jar:/Users/macbook/.m2/repository/com/amazonaws/aws-java-sdk-redshift/1.11.470/aws-java-sdk-redshift-1.11.470.jar:/Users/macbook/.m2/repository/com/amazonaws/aws-java-sdk-elasticbeanstalk/1.11.470/aws-java-sdk-elasticbeanstalk-1.11.470.jar:/Users/macbook/.m2/repository/com/amazonaws/aws-java-sdk-glacier/1.11.470/aws-java-sdk-glacier-1.11.470.jar:/Users/macbook/.m2/repository/com/amazonaws/aws-java-sdk-iam/1.11.470/aws-java-sdk-iam-1.11.470.jar:/Users/macbook/.m2/repository/com/amazonaws/aws-java-sdk-datapipeline/1.11.470/aws-java-sdk-datapipeline-1.11.470.jar:/Users/macbook/.m2/repository/com/amazonaws/aws-java-sdk-elasticloadbalancing/1.11.470/aws-java-sdk-elasticloadbalancing-1.11.470.jar:/Users/macbook/.m2/repository/com/amazonaws/aws-java-sdk-elasticloadbalancingv2/1.11.470/aws-java-sdk-elasticloadbalancingv2-1.11.470.jar:/Users/macbook/.m2/repository/com/amazonaws/aws-java-sdk-emr/1.11.470/aws-java-sdk-emr-1.11.470.jar:/Users/macbook/.m2/repository/com/amazonaws/aws-java-sdk-elasticache/1.11.470/aws-java-sdk-elasticache-1.11.470.jar:/Users/macbook/.m2/repository/com/amazonaws/aws-java-sdk-ec2/1.11.470/aws-java-sdk-ec2-1.11.470.jar:/Users/macbook/.m2/repository/com/amazonaws/aws-java-sdk-dynamodb/1.11.470/aws-java-sdk-dynamodb-1.11.470.jar:/Users/macbook/.m2/repository/com/amazonaws/aws-java-sdk-sns/1.11.470/aws-java-sdk-sns-1.11.470.jar:/Users/macbook/.m2/repository/com/amazonaws/aws-java-sdk-budgets/1.11.470/aws-java-sdk-budgets-1.11.470.jar:/Users/macbook/.m2/repository/com/amazonaws/aws-java-sdk-cloudtrail/1.11.470/aws-java-sdk-cloudtrail-1.11.470.jar:/Users/macbook/.m2/repository/com/amazonaws/aws-java-sdk-cloudwatch/1.11.470/aws-java-sdk-cloudwatch-1.11.470.jar:/Users/macbook/.m2/repository/com/amazonaws/aws-java-sdk-logs/1.11.470/aws-java-sdk-logs-1.11.470.jar:/Users/macbook/.m2/repository/com/amazonaws/aws-java-sdk-events/1.11.470/aws-java-sdk-events-1.11.470.jar:/Users/macbook/.m2/repository/com/amazonaws/aws-java-sdk-cognitoidentity/1.11.470/aws-java-sdk-cognitoidentity-1.11.470.jar:/Users/macbook/.m2/repository/com/amazonaws/aws-java-sdk-cognitosync/1.11.470/aws-java-sdk-cognitosync-1.11.470.jar:/Users/macbook/.m2/repository/com/amazonaws/aws-java-sdk-directconnect/1.11.470/aws-java-sdk-directconnect-1.11.470.jar:/Users/macbook/.m2/repository/com/amazonaws/aws-java-sdk-cloudformation/1.11.470/aws-java-sdk-cloudformation-1.11.470.jar:/Users/macbook/.m2/repository/com/amazonaws/aws-java-sdk-cloudfront/1.11.470/aws-java-sdk-cloudfront-1.11.470.jar:/Users/macbook/.m2/repository/com/amazonaws/aws-java-sdk-clouddirectory/1.11.470/aws-java-sdk-clouddirectory-1.11.470.jar:/Users/macbook/.m2/repository/com/amazonaws/aws-java-sdk-kinesis/1.11.470/aws-java-sdk-kinesis-1.11.470.jar:/Users/macbook/.m2/repository/com/amazonaws/aws-java-sdk-opsworks/1.11.470/aws-java-sdk-opsworks-1.11.470.jar:/Users/macbook/.m2/repository/com/amazonaws/aws-java-sdk-ses/1.11.470/aws-java-sdk-ses-1.11.470.jar:/Users/macbook/.m2/repository/com/amazonaws/aws-java-sdk-autoscaling/1.11.470/aws-java-sdk-autoscaling-1.11.470.jar:/Users/macbook/.m2/repository/com/amazonaws/aws-java-sdk-cloudsearch/1.11.470/aws-java-sdk-cloudsearch-1.11.470.jar:/Users/macbook/.m2/repository/com/amazonaws/aws-java-sdk-cloudwatchmetrics/1.11.470/aws-java-sdk-cloudwatchmetrics-1.11.470.jar:/Users/macbook/.m2/repository/com/amazonaws/aws-java-sdk-codedeploy/1.11.470/aws-java-sdk-codedeploy-1.11.470.jar:/Users/macbook/.m2/repository/com/amazonaws/aws-java-sdk-codepipeline/1.11.470/aws-java-sdk-codepipeline-1.11.470.jar:/Users/macbook/.m2/repository/com/amazonaws/aws-java-sdk-config/1.11.470/aws-java-sdk-config-1.11.470.jar:/Users/macbook/.m2/repository/com/amazonaws/aws-java-sdk-lambda/1.11.470/aws-java-sdk-lambda-1.11.470.jar:/Users/macbook/.m2/repository/com/amazonaws/aws-java-sdk-ecs/1.11.470/aws-java-sdk-ecs-1.11.470.jar:/Users/macbook/.m2/repository/com/amazonaws/aws-java-sdk-ecr/1.11.470/aws-java-sdk-ecr-1.11.470.jar:/Users/macbook/.m2/repository/com/amazonaws/aws-java-sdk-cloudhsm/1.11.470/aws-java-sdk-cloudhsm-1.11.470.jar:/Users/macbook/.m2/repository/com/amazonaws/aws-java-sdk-ssm/1.11.470/aws-java-sdk-ssm-1.11.470.jar:/Users/macbook/.m2/repository/com/amazonaws/aws-java-sdk-workspaces/1.11.470/aws-java-sdk-workspaces-1.11.470.jar:/Users/macbook/.m2/repository/com/amazonaws/aws-java-sdk-machinelearning/1.11.470/aws-java-sdk-machinelearning-1.11.470.jar:/Users/macbook/.m2/repository/com/amazonaws/aws-java-sdk-directory/1.11.470/aws-java-sdk-directory-1.11.470.jar:/Users/macbook/.m2/repository/com/amazonaws/aws-java-sdk-efs/1.11.470/aws-java-sdk-efs-1.11.470.jar:/Users/macbook/.m2/repository/com/amazonaws/aws-java-sdk-codecommit/1.11.470/aws-java-sdk-codecommit-1.11.470.jar:/Users/macbook/.m2/repository/com/amazonaws/aws-java-sdk-devicefarm/1.11.470/aws-java-sdk-devicefarm-1.11.470.jar:/Users/macbook/.m2/repository/com/amazonaws/aws-java-sdk-elasticsearch/1.11.470/aws-java-sdk-elasticsearch-1.11.470.jar:/Users/macbook/.m2/repository/com/amazonaws/aws-java-sdk-waf/1.11.470/aws-java-sdk-waf-1.11.470.jar:/Users/macbook/.m2/repository/com/amazonaws/aws-java-sdk-marketplacecommerceanalytics/1.11.470/aws-java-sdk-marketplacecommerceanalytics-1.11.470.jar:/Users/macbook/.m2/repository/com/amazonaws/aws-java-sdk-inspector/1.11.470/aws-java-sdk-inspector-1.11.470.jar:/Users/macbook/.m2/repository/com/amazonaws/aws-java-sdk-iot/1.11.470/aws-java-sdk-iot-1.11.470.jar:/Users/macbook/.m2/repository/com/amazonaws/aws-java-sdk-api-gateway/1.11.470/aws-java-sdk-api-gateway-1.11.470.jar:/Users/macbook/.m2/repository/com/amazonaws/aws-java-sdk-acm/1.11.470/aws-java-sdk-acm-1.11.470.jar:/Users/macbook/.m2/repository/com/amazonaws/aws-java-sdk-gamelift/1.11.470/aws-java-sdk-gamelift-1.11.470.jar:/Users/macbook/.m2/repository/com/amazonaws/aws-java-sdk-dms/1.11.470/aws-java-sdk-dms-1.11.470.jar:/Users/macbook/.m2/repository/com/amazonaws/aws-java-sdk-marketplacemeteringservice/1.11.470/aws-java-sdk-marketplacemeteringservice-1.11.470.jar:/Users/macbook/.m2/repository/com/amazonaws/aws-java-sdk-cognitoidp/1.11.470/aws-java-sdk-cognitoidp-1.11.470.jar:/Users/macbook/.m2/repository/com/amazonaws/aws-java-sdk-discovery/1.11.470/aws-java-sdk-discovery-1.11.470.jar:/Users/macbook/.m2/repository/com/amazonaws/aws-java-sdk-applicationautoscaling/1.11.470/aws-java-sdk-applicationautoscaling-1.11.470.jar:/Users/macbook/.m2/repository/com/amazonaws/aws-java-sdk-snowball/1.11.470/aws-java-sdk-snowball-1.11.470.jar:/Users/macbook/.m2/repository/com/amazonaws/aws-java-sdk-rekognition/1.11.470/aws-java-sdk-rekognition-1.11.470.jar:/Users/macbook/.m2/repository/com/amazonaws/aws-java-sdk-polly/1.11.470/aws-java-sdk-polly-1.11.470.jar:/Users/macbook/.m2/repository/com/amazonaws/aws-java-sdk-lightsail/1.11.470/aws-java-sdk-lightsail-1.11.470.jar:/Users/macbook/.m2/repository/com/amazonaws/aws-java-sdk-stepfunctions/1.11.470/aws-java-sdk-stepfunctions-1.11.470.jar:/Users/macbook/.m2/repository/com/amazonaws/aws-java-sdk-health/1.11.470/aws-java-sdk-health-1.11.470.jar:/Users/macbook/.m2/repository/com/amazonaws/aws-java-sdk-costandusagereport/1.11.470/aws-java-sdk-costandusagereport-1.11.470.jar:/Users/macbook/.m2/repository/com/amazonaws/aws-java-sdk-codebuild/1.11.470/aws-java-sdk-codebuild-1.11.470.jar:/Users/macbook/.m2/repository/com/amazonaws/aws-java-sdk-appstream/1.11.470/aws-java-sdk-appstream-1.11.470.jar:/Users/macbook/.m2/repository/com/amazonaws/aws-java-sdk-shield/1.11.470/aws-java-sdk-shield-1.11.470.jar:/Users/macbook/.m2/repository/com/amazonaws/aws-java-sdk-batch/1.11.470/aws-java-sdk-batch-1.11.470.jar:/Users/macbook/.m2/repository/com/amazonaws/aws-java-sdk-lex/1.11.470/aws-java-sdk-lex-1.11.470.jar:/Users/macbook/.m2/repository/com/amazonaws/aws-java-sdk-mechanicalturkrequester/1.11.470/aws-java-sdk-mechanicalturkrequester-1.11.470.jar:/Users/macbook/.m2/repository/com/amazonaws/aws-java-sdk-organizations/1.11.470/aws-java-sdk-organizations-1.11.470.jar:/Users/macbook/.m2/repository/com/amazonaws/aws-java-sdk-workdocs/1.11.470/aws-java-sdk-workdocs-1.11.470.jar:/Users/macbook/.m2/repository/com/amazonaws/aws-java-sdk-models/1.11.470/aws-java-sdk-models-1.11.470.jar:/Users/macbook/.m2/repository/com/amazonaws/aws-java-sdk-swf-libraries/1.11.22/aws-java-sdk-swf-libraries-1.11.22.jar:/Users/macbook/.m2/repository/org/springframework/security/spring-security-oauth2-client/5.1.1.RELEASE/spring-security-oauth2-client-5.1.1.RELEASE.jar:/Users/macbook/.m2/repository/com/nimbusds/oauth2-oidc-sdk/6.0/oauth2-oidc-sdk-6.0.jar:/Users/macbook/.m2/repository/com/github/stephenc/jcip/jcip-annotations/1.0-1/jcip-annotations-1.0-1.jar:/Users/macbook/.m2/repository/com/nimbusds/lang-tag/1.4.4/lang-tag-1.4.4.jar:/Users/macbook/.m2/repository/com/nimbusds/nimbus-jose-jwt/7.8/nimbus-jose-jwt-7.8.jar:/Users/macbook/.m2/repository/org/springframework/security/spring-security-oauth2-core/5.1.1.RELEASE/spring-security-oauth2-core-5.1.1.RELEASE.jar:/Users/macbook/.m2/repository/com/amazonaws/aws-java-sdk-elastictranscoder/1.9.1/aws-java-sdk-elastictranscoder-1.9.1.jar:/Users/macbook/.m2/repository/com/sendgrid/sendgrid-java/4.3.0/sendgrid-java-4.3.0.jar:/Users/macbook/.m2/repository/com/sendgrid/java-http-client/4.1.0/java-http-client-4.1.0.jar:/Users/macbook/.m2/repository/org/springframework/security/oauth/spring-security-oauth2/2.3.3.RELEASE/spring-security-oauth2-2.3.3.RELEASE.jar:/Users/macbook/.m2/repository/org/springframework/spring-beans/5.1.2.RELEASE/spring-beans-5.1.2.RELEASE.jar:/Users/macbook/.m2/repository/org/codehaus/jackson/jackson-mapper-asl/1.9.13/jackson-mapper-asl-1.9.13.jar:/Users/macbook/.m2/repository/org/codehaus/jackson/jackson-core-asl/1.9.13/jackson-core-asl-1.9.13.jar:"/>
    <property name="java.vm.vendor" value="AdoptOpenJDK"/>
    <property name="sun.arch.data.model" value="64"/>
    <property name="java.vendor.url" value="http://java.oracle.com/"/>
    <property name="user.timezone" value=""/>
    <property name="java.vm.specification.version" value="1.8"/>
    <property name="os.name" value="Mac OS X"/>
    <property name="user.country" value="US"/>
    <property name="sun.java.launcher" value="SUN_STANDARD"/>
    <property name="sun.boot.library.path" value="/Library/Java/JavaVirtualMachines/adoptopenjdk-8.jdk/Contents/Home/jre/lib"/>
    <property name="sun.java.command" value="/Users/macbook/hias/api-core-hias/target/surefire/surefirebooter7924398010270645312.jar /Users/macbook/hias/api-core-hias/target/surefire 2019-10-03T03-10-43_085-jvmRun1 surefire1985300304912209704tmp surefire_08821401881755844437tmp"/>
    <property name="http.nonProxyHosts" value="local|*.local|169.254/16|*.169.254/16"/>
    <property name="surefire.test.class.path" value="/Users/macbook/hias/api-core-hias/target/test-classes:/Users/macbook/hias/api-core-hias/target/classes:/Users/macbook/.m2/repository/org/springframework/boot/spring-boot-starter-aop/2.1.0.RELEASE/spring-boot-starter-aop-2.1.0.RELEASE.jar:/Users/macbook/.m2/repository/org/springframework/boot/spring-boot-starter/2.1.0.RELEASE/spring-boot-starter-2.1.0.RELEASE.jar:/Users/macbook/.m2/repository/org/springframework/boot/spring-boot/2.1.0.RELEASE/spring-boot-2.1.0.RELEASE.jar:/Users/macbook/.m2/repository/org/springframework/boot/spring-boot-autoconfigure/2.1.0.RELEASE/spring-boot-autoconfigure-2.1.0.RELEASE.jar:/Users/macbook/.m2/repository/org/springframework/boot/spring-boot-starter-logging/2.1.0.RELEASE/spring-boot-starter-logging-2.1.0.RELEASE.jar:/Users/macbook/.m2/repository/ch/qos/logback/logback-classic/1.2.3/logback-classic-1.2.3.jar:/Users/macbook/.m2/repository/ch/qos/logback/logback-core/1.2.3/logback-core-1.2.3.jar:/Users/macbook/.m2/repository/org/apache/logging/log4j/log4j-to-slf4j/2.11.1/log4j-to-slf4j-2.11.1.jar:/Users/macbook/.m2/repository/org/apache/logging/log4j/log4j-api/2.11.1/log4j-api-2.11.1.jar:/Users/macbook/.m2/repository/org/slf4j/jul-to-slf4j/1.7.25/jul-to-slf4j-1.7.25.jar:/Users/macbook/.m2/repository/org/yaml/snakeyaml/1.23/snakeyaml-1.23.jar:/Users/macbook/.m2/repository/org/springframework/spring-aop/5.1.2.RELEASE/spring-aop-5.1.2.RELEASE.jar:/Users/macbook/.m2/repository/org/aspectj/aspectjweaver/1.9.2/aspectjweaver-1.9.2.jar:/Users/macbook/.m2/repository/org/springframework/boot/spring-boot-starter-data-jpa/2.1.0.RELEASE/spring-boot-starter-data-jpa-2.1.0.RELEASE.jar:/Users/macbook/.m2/repository/org/springframework/boot/spring-boot-starter-jdbc/2.1.0.RELEASE/spring-boot-starter-jdbc-2.1.0.RELEASE.jar:/Users/macbook/.m2/repository/com/zaxxer/HikariCP/3.2.0/HikariCP-3.2.0.jar:/Users/macbook/.m2/repository/org/springframework/spring-jdbc/5.1.2.RELEASE/spring-jdbc-5.1.2.RELEASE.jar:/Users/macbook/.m2/repository/javax/transaction/javax.transaction-api/1.3/javax.transaction-api-1.3.jar:/Users/macbook/.m2/repository/javax/xml/bind/jaxb-api/2.3.1/jaxb-api-2.3.1.jar:/Users/macbook/.m2/repository/javax/activation/javax.activation-api/1.2.0/javax.activation-api-1.2.0.jar:/Users/macbook/.m2/repository/org/hibernate/hibernate-core/5.3.7.Final/hibernate-core-5.3.7.Final.jar:/Users/macbook/.m2/repository/org/jboss/logging/jboss-logging/3.3.2.Final/jboss-logging-3.3.2.Final.jar:/Users/macbook/.m2/repository/javax/persistence/javax.persistence-api/2.2/javax.persistence-api-2.2.jar:/Users/macbook/.m2/repository/org/javassist/javassist/3.23.1-GA/javassist-3.23.1-GA.jar:/Users/macbook/.m2/repository/net/bytebuddy/byte-buddy/1.9.3/byte-buddy-1.9.3.jar:/Users/macbook/.m2/repository/antlr/antlr/2.7.7/antlr-2.7.7.jar:/Users/macbook/.m2/repository/org/jboss/jandex/2.0.5.Final/jandex-2.0.5.Final.jar:/Users/macbook/.m2/repository/org/dom4j/dom4j/2.1.1/dom4j-2.1.1.jar:/Users/macbook/.m2/repository/org/hibernate/common/hibernate-commons-annotations/5.0.4.Final/hibernate-commons-annotations-5.0.4.Final.jar:/Users/macbook/.m2/repository/org/springframework/data/spring-data-jpa/2.1.2.RELEASE/spring-data-jpa-2.1.2.RELEASE.jar:/Users/macbook/.m2/repository/org/springframework/data/spring-data-commons/2.1.2.RELEASE/spring-data-commons-2.1.2.RELEASE.jar:/Users/macbook/.m2/repository/org/springframework/spring-orm/5.1.2.RELEASE/spring-orm-5.1.2.RELEASE.jar:/Users/macbook/.m2/repository/org/springframework/spring-tx/5.1.2.RELEASE/spring-tx-5.1.2.RELEASE.jar:/Users/macbook/.m2/repository/org/springframework/spring-aspects/5.1.2.RELEASE/spring-aspects-5.1.2.RELEASE.jar:/Users/macbook/.m2/repository/org/springframework/boot/spring-boot-starter-data-ldap/2.1.0.RELEASE/spring-boot-starter-data-ldap-2.1.0.RELEASE.jar:/Users/macbook/.m2/repository/org/springframework/data/spring-data-ldap/2.1.2.RELEASE/spring-data-ldap-2.1.2.RELEASE.jar:/Users/macbook/.m2/repository/org/springframework/ldap/spring-ldap-core/2.3.2.RELEASE/spring-ldap-core-2.3.2.RELEASE.jar:/Users/macbook/.m2/repository/org/springframework/boot/spring-boot-starter-data-mongodb/2.1.0.RELEASE/spring-boot-starter-data-mongodb-2.1.0.RELEASE.jar:/Users/macbook/.m2/repository/org/mongodb/mongodb-driver/3.8.2/mongodb-driver-3.8.2.jar:/Users/macbook/.m2/repository/org/mongodb/bson/3.8.2/bson-3.8.2.jar:/Users/macbook/.m2/repository/org/mongodb/mongodb-driver-core/3.8.2/mongodb-driver-core-3.8.2.jar:/Users/macbook/.m2/repository/org/springframework/data/spring-data-mongodb/2.1.2.RELEASE/spring-data-mongodb-2.1.2.RELEASE.jar:/Users/macbook/.m2/repository/org/springframework/spring-expression/5.1.2.RELEASE/spring-expression-5.1.2.RELEASE.jar:/Users/macbook/.m2/repository/org/springframework/boot/spring-boot-starter-data-rest/2.1.0.RELEASE/spring-boot-starter-data-rest-2.1.0.RELEASE.jar:/Users/macbook/.m2/repository/org/springframework/boot/spring-boot-starter-json/2.1.0.RELEASE/spring-boot-starter-json-2.1.0.RELEASE.jar:/Users/macbook/.m2/repository/com/fasterxml/jackson/datatype/jackson-datatype-jdk8/2.9.7/jackson-datatype-jdk8-2.9.7.jar:/Users/macbook/.m2/repository/com/fasterxml/jackson/datatype/jackson-datatype-jsr310/2.9.7/jackson-datatype-jsr310-2.9.7.jar:/Users/macbook/.m2/repository/com/fasterxml/jackson/module/jackson-module-parameter-names/2.9.7/jackson-module-parameter-names-2.9.7.jar:/Users/macbook/.m2/repository/org/springframework/data/spring-data-rest-webmvc/3.1.2.RELEASE/spring-data-rest-webmvc-3.1.2.RELEASE.jar:/Users/macbook/.m2/repository/org/springframework/data/spring-data-rest-core/3.1.2.RELEASE/spring-data-rest-core-3.1.2.RELEASE.jar:/Users/macbook/.m2/repository/org/springframework/hateoas/spring-hateoas/0.25.0.RELEASE/spring-hateoas-0.25.0.RELEASE.jar:/Users/macbook/.m2/repository/org/atteo/evo-inflector/1.2.2/evo-inflector-1.2.2.jar:/Users/macbook/.m2/repository/org/springframework/boot/spring-boot-starter-integration/2.1.0.RELEASE/spring-boot-starter-integration-2.1.0.RELEASE.jar:/Users/macbook/.m2/repository/org/springframework/integration/spring-integration-core/5.1.0.RELEASE/spring-integration-core-5.1.0.RELEASE.jar:/Users/macbook/.m2/repository/org/springframework/spring-messaging/5.1.2.RELEASE/spring-messaging-5.1.2.RELEASE.jar:/Users/macbook/.m2/repository/org/springframework/retry/spring-retry/1.2.2.RELEASE/spring-retry-1.2.2.RELEASE.jar:/Users/macbook/.m2/repository/io/projectreactor/reactor-core/3.2.2.RELEASE/reactor-core-3.2.2.RELEASE.jar:/Users/macbook/.m2/repository/org/reactivestreams/reactive-streams/1.0.2/reactive-streams-1.0.2.jar:/Users/macbook/.m2/repository/org/springframework/boot/spring-boot-starter-mail/2.1.0.RELEASE/spring-boot-starter-mail-2.1.0.RELEASE.jar:/Users/macbook/.m2/repository/org/springframework/spring-context/5.1.2.RELEASE/spring-context-5.1.2.RELEASE.jar:/Users/macbook/.m2/repository/org/springframework/spring-context-support/5.1.2.RELEASE/spring-context-support-5.1.2.RELEASE.jar:/Users/macbook/.m2/repository/com/sun/mail/javax.mail/1.6.2/javax.mail-1.6.2.jar:/Users/macbook/.m2/repository/javax/activation/activation/1.1/activation-1.1.jar:/Users/macbook/.m2/repository/org/springframework/boot/spring-boot-starter-security/2.1.0.RELEASE/spring-boot-starter-security-2.1.0.RELEASE.jar:/Users/macbook/.m2/repository/org/springframework/security/spring-security-config/5.1.1.RELEASE/spring-security-config-5.1.1.RELEASE.jar:/Users/macbook/.m2/repository/org/springframework/security/spring-security-web/5.1.1.RELEASE/spring-security-web-5.1.1.RELEASE.jar:/Users/macbook/.m2/repository/org/springframework/boot/spring-boot-starter-thymeleaf/2.1.0.RELEASE/spring-boot-starter-thymeleaf-2.1.0.RELEASE.jar:/Users/macbook/.m2/repository/org/thymeleaf/thymeleaf-spring5/3.0.11.RELEASE/thymeleaf-spring5-3.0.11.RELEASE.jar:/Users/macbook/.m2/repository/org/thymeleaf/thymeleaf/3.0.11.RELEASE/thymeleaf-3.0.11.RELEASE.jar:/Users/macbook/.m2/repository/org/attoparser/attoparser/2.0.5.RELEASE/attoparser-2.0.5.RELEASE.jar:/Users/macbook/.m2/repository/org/unbescape/unbescape/1.1.6.RELEASE/unbescape-1.1.6.RELEASE.jar:/Users/macbook/.m2/repository/org/thymeleaf/extras/thymeleaf-extras-java8time/3.0.1.RELEASE/thymeleaf-extras-java8time-3.0.1.RELEASE.jar:/Users/macbook/.m2/repository/org/springframework/boot/spring-boot-starter-validation/2.1.0.RELEASE/spring-boot-starter-validation-2.1.0.RELEASE.jar:/Users/macbook/.m2/repository/org/apache/tomcat/embed/tomcat-embed-el/9.0.12/tomcat-embed-el-9.0.12.jar:/Users/macbook/.m2/repository/org/hibernate/validator/hibernate-validator/6.0.13.Final/hibernate-validator-6.0.13.Final.jar:/Users/macbook/.m2/repository/javax/validation/validation-api/2.0.1.Final/validation-api-2.0.1.Final.jar:/Users/macbook/.m2/repository/org/springframework/boot/spring-boot-starter-web/2.1.0.RELEASE/spring-boot-starter-web-2.1.0.RELEASE.jar:/Users/macbook/.m2/repository/org/springframework/spring-web/5.1.2.RELEASE/spring-web-5.1.2.RELEASE.jar:/Users/macbook/.m2/repository/org/springframework/spring-webmvc/5.1.2.RELEASE/spring-webmvc-5.1.2.RELEASE.jar:/Users/macbook/.m2/repository/org/springframework/boot/spring-boot-starter-web-services/2.1.0.RELEASE/spring-boot-starter-web-services-2.1.0.RELEASE.jar:/Users/macbook/.m2/repository/com/sun/xml/messaging/saaj/saaj-impl/1.5.0/saaj-impl-1.5.0.jar:/Users/macbook/.m2/repository/javax/xml/soap/javax.xml.soap-api/1.4.0/javax.xml.soap-api-1.4.0.jar:/Users/macbook/.m2/repository/org/jvnet/mimepull/mimepull/1.9.10/mimepull-1.9.10.jar:/Users/macbook/.m2/repository/org/jvnet/staxex/stax-ex/1.8/stax-ex-1.8.jar:/Users/macbook/.m2/repository/javax/xml/ws/jaxws-api/2.3.1/jaxws-api-2.3.1.jar:/Users/macbook/.m2/repository/org/springframework/spring-oxm/5.1.2.RELEASE/spring-oxm-5.1.2.RELEASE.jar:/Users/macbook/.m2/repository/org/springframework/ws/spring-ws-core/3.0.4.RELEASE/spring-ws-core-3.0.4.RELEASE.jar:/Users/macbook/.m2/repository/org/springframework/ws/spring-xml/3.0.4.RELEASE/spring-xml-3.0.4.RELEASE.jar:/Users/macbook/.m2/repository/commons-io/commons-io/2.5/commons-io-2.5.jar:/Users/macbook/.m2/repository/de/codecentric/spring-boot-admin-starter-client/2.1.1/spring-boot-admin-starter-client-2.1.1.jar:/Users/macbook/.m2/repository/de/codecentric/spring-boot-admin-client/2.1.1/spring-boot-admin-client-2.1.1.jar:/Users/macbook/.m2/repository/org/springframework/boot/spring-boot-starter-actuator/2.1.0.RELEASE/spring-boot-starter-actuator-2.1.0.RELEASE.jar:/Users/macbook/.m2/repository/org/springframework/boot/spring-boot-actuator-autoconfigure/2.1.0.RELEASE/spring-boot-actuator-autoconfigure-2.1.0.RELEASE.jar:/Users/macbook/.m2/repository/org/springframework/boot/spring-boot-actuator/2.1.0.RELEASE/spring-boot-actuator-2.1.0.RELEASE.jar:/Users/macbook/.m2/repository/io/micrometer/micrometer-core/1.1.0/micrometer-core-1.1.0.jar:/Users/macbook/.m2/repository/org/hdrhistogram/HdrHistogram/2.1.9/HdrHistogram-2.1.9.jar:/Users/macbook/.m2/repository/org/latencyutils/LatencyUtils/2.0.3/LatencyUtils-2.0.3.jar:/Users/macbook/.m2/repository/org/jolokia/jolokia-core/1.6.0/jolokia-core-1.6.0.jar:/Users/macbook/.m2/repository/com/googlecode/json-simple/json-simple/1.1.1/json-simple-1.1.1.jar:/Users/macbook/.m2/repository/com/google/code/findbugs/jsr305/3.0.2/jsr305-3.0.2.jar:/Users/macbook/.m2/repository/de/codecentric/spring-boot-admin-starter-server/2.1.1/spring-boot-admin-starter-server-2.1.1.jar:/Users/macbook/.m2/repository/de/codecentric/spring-boot-admin-server/2.1.1/spring-boot-admin-server-2.1.1.jar:/Users/macbook/.m2/repository/org/springframework/boot/spring-boot-starter-webflux/2.1.0.RELEASE/spring-boot-starter-webflux-2.1.0.RELEASE.jar:/Users/macbook/.m2/repository/org/springframework/boot/spring-boot-starter-reactor-netty/2.1.0.RELEASE/spring-boot-starter-reactor-netty-2.1.0.RELEASE.jar:/Users/macbook/.m2/repository/io/projectreactor/netty/reactor-netty/0.8.2.RELEASE/reactor-netty-0.8.2.RELEASE.jar:/Users/macbook/.m2/repository/io/netty/netty-codec-http2/4.1.29.Final/netty-codec-http2-4.1.29.Final.jar:/Users/macbook/.m2/repository/io/netty/netty-handler-proxy/4.1.29.Final/netty-handler-proxy-4.1.29.Final.jar:/Users/macbook/.m2/repository/io/netty/netty-codec-socks/4.1.29.Final/netty-codec-socks-4.1.29.Final.jar:/Users/macbook/.m2/repository/io/netty/netty-transport-native-epoll/4.1.29.Final/netty-transport-native-epoll-4.1.29.Final-linux-x86_64.jar:/Users/macbook/.m2/repository/io/netty/netty-transport-native-unix-common/4.1.29.Final/netty-transport-native-unix-common-4.1.29.Final.jar:/Users/macbook/.m2/repository/org/springframework/spring-webflux/5.1.2.RELEASE/spring-webflux-5.1.2.RELEASE.jar:/Users/macbook/.m2/repository/org/synchronoss/cloud/nio-multipart-parser/1.1.0/nio-multipart-parser-1.1.0.jar:/Users/macbook/.m2/repository/org/synchronoss/cloud/nio-stream-storage/1.1.3/nio-stream-storage-1.1.3.jar:/Users/macbook/.m2/repository/io/projectreactor/addons/reactor-extra/3.2.0.RELEASE/reactor-extra-3.2.0.RELEASE.jar:/Users/macbook/.m2/repository/de/codecentric/spring-boot-admin-server-ui/2.1.1/spring-boot-admin-server-ui-2.1.1.jar:/Users/macbook/.m2/repository/de/codecentric/spring-boot-admin-server-cloud/2.1.1/spring-boot-admin-server-cloud-2.1.1.jar:/Users/macbook/.m2/repository/org/modelmapper/modelmapper/0.7.5/modelmapper-0.7.5.jar:/Users/macbook/.m2/repository/org/projectlombok/lombok/1.18.4/lombok-1.18.4.jar:/Users/macbook/.m2/repository/com/auth0/java-jwt/3.4.1/java-jwt-3.4.1.jar:/Users/macbook/.m2/repository/commons-codec/commons-codec/1.11/commons-codec-1.11.jar:/Users/macbook/.m2/repository/org/springframework/security/spring-security-jwt/1.0.9.RELEASE/spring-security-jwt-1.0.9.RELEASE.jar:/Users/macbook/.m2/repository/org/bouncycastle/bcpkix-jdk15on/1.56/bcpkix-jdk15on-1.56.jar:/Users/macbook/.m2/repository/org/bouncycastle/bcprov-jdk15on/1.56/bcprov-jdk15on-1.56.jar:/Users/macbook/.m2/repository/io/jsonwebtoken/jjwt/0.9.1/jjwt-0.9.1.jar:/Users/macbook/.m2/repository/com/amazonaws/aws-java-sdk-s3/1.11.455/aws-java-sdk-s3-1.11.455.jar:/Users/macbook/.m2/repository/com/amazonaws/aws-java-sdk-kms/1.11.455/aws-java-sdk-kms-1.11.455.jar:/Users/macbook/.m2/repository/com/amazonaws/jmespath-java/1.11.455/jmespath-java-1.11.455.jar:/Users/macbook/.m2/repository/io/springfox/springfox-swagger2/2.9.2/springfox-swagger2-2.9.2.jar:/Users/macbook/.m2/repository/io/swagger/swagger-annotations/1.5.20/swagger-annotations-1.5.20.jar:/Users/macbook/.m2/repository/io/swagger/swagger-models/1.5.20/swagger-models-1.5.20.jar:/Users/macbook/.m2/repository/io/springfox/springfox-spi/2.9.2/springfox-spi-2.9.2.jar:/Users/macbook/.m2/repository/io/springfox/springfox-core/2.9.2/springfox-core-2.9.2.jar:/Users/macbook/.m2/repository/io/springfox/springfox-schema/2.9.2/springfox-schema-2.9.2.jar:/Users/macbook/.m2/repository/io/springfox/springfox-swagger-common/2.9.2/springfox-swagger-common-2.9.2.jar:/Users/macbook/.m2/repository/io/springfox/springfox-spring-web/2.9.2/springfox-spring-web-2.9.2.jar:/Users/macbook/.m2/repository/com/google/guava/guava/20.0/guava-20.0.jar:/Users/macbook/.m2/repository/com/fasterxml/classmate/1.4.0/classmate-1.4.0.jar:/Users/macbook/.m2/repository/org/slf4j/slf4j-api/1.7.25/slf4j-api-1.7.25.jar:/Users/macbook/.m2/repository/org/springframework/plugin/spring-plugin-core/1.2.0.RELEASE/spring-plugin-core-1.2.0.RELEASE.jar:/Users/macbook/.m2/repository/org/springframework/plugin/spring-plugin-metadata/1.2.0.RELEASE/spring-plugin-metadata-1.2.0.RELEASE.jar:/Users/macbook/.m2/repository/org/mapstruct/mapstruct/1.2.0.Final/mapstruct-1.2.0.Final.jar:/Users/macbook/.m2/repository/io/springfox/springfox-swagger-ui/2.9.2/springfox-swagger-ui-2.9.2.jar:/Users/macbook/.m2/repository/mysql/mysql-connector-java/8.0.13/mysql-connector-java-8.0.13.jar:/Users/macbook/.m2/repository/org/springframework/boot/spring-boot-starter-test/2.1.0.RELEASE/spring-boot-starter-test-2.1.0.RELEASE.jar:/Users/macbook/.m2/repository/org/springframework/boot/spring-boot-test/2.1.0.RELEASE/spring-boot-test-2.1.0.RELEASE.jar:/Users/macbook/.m2/repository/org/springframework/boot/spring-boot-test-autoconfigure/2.1.0.RELEASE/spring-boot-test-autoconfigure-2.1.0.RELEASE.jar:/Users/macbook/.m2/repository/com/jayway/jsonpath/json-path/2.4.0/json-path-2.4.0.jar:/Users/macbook/.m2/repository/net/minidev/json-smart/2.3/json-smart-2.3.jar:/Users/macbook/.m2/repository/net/minidev/accessors-smart/1.2/accessors-smart-1.2.jar:/Users/macbook/.m2/repository/org/ow2/asm/asm/5.0.4/asm-5.0.4.jar:/Users/macbook/.m2/repository/junit/junit/4.12/junit-4.12.jar:/Users/macbook/.m2/repository/org/assertj/assertj-core/3.11.1/assertj-core-3.11.1.jar:/Users/macbook/.m2/repository/org/mockito/mockito-core/2.23.0/mockito-core-2.23.0.jar:/Users/macbook/.m2/repository/net/bytebuddy/byte-buddy-agent/1.9.3/byte-buddy-agent-1.9.3.jar:/Users/macbook/.m2/repository/org/objenesis/objenesis/2.6/objenesis-2.6.jar:/Users/macbook/.m2/repository/org/hamcrest/hamcrest-core/1.3/hamcrest-core-1.3.jar:/Users/macbook/.m2/repository/org/hamcrest/hamcrest-library/1.3/hamcrest-library-1.3.jar:/Users/macbook/.m2/repository/org/skyscreamer/jsonassert/1.5.0/jsonassert-1.5.0.jar:/Users/macbook/.m2/repository/com/vaadin/external/google/android-json/0.0.20131108.vaadin1/android-json-0.0.20131108.vaadin1.jar:/Users/macbook/.m2/repository/org/springframework/spring-core/5.1.2.RELEASE/spring-core-5.1.2.RELEASE.jar:/Users/macbook/.m2/repository/org/springframework/spring-jcl/5.1.2.RELEASE/spring-jcl-5.1.2.RELEASE.jar:/Users/macbook/.m2/repository/org/springframework/spring-test/5.1.2.RELEASE/spring-test-5.1.2.RELEASE.jar:/Users/macbook/.m2/repository/org/xmlunit/xmlunit-core/2.6.2/xmlunit-core-2.6.2.jar:/Users/macbook/.m2/repository/org/springframework/security/spring-security-test/5.1.1.RELEASE/spring-security-test-5.1.1.RELEASE.jar:/Users/macbook/.m2/repository/org/springframework/security/spring-security-core/5.1.1.RELEASE/spring-security-core-5.1.1.RELEASE.jar:/Users/macbook/.m2/repository/com/squareup/okhttp/okhttp/2.7.5/okhttp-2.7.5.jar:/Users/macbook/.m2/repository/com/squareup/okio/okio/1.6.0/okio-1.6.0.jar:/Users/macbook/.m2/repository/com/fasterxml/jackson/core/jackson-core/2.9.7/jackson-core-2.9.7.jar:/Users/macbook/.m2/repository/org/springframework/boot/spring-boot-starter-tomcat/2.1.0.RELEASE/spring-boot-starter-tomcat-2.1.0.RELEASE.jar:/Users/macbook/.m2/repository/javax/annotation/javax.annotation-api/1.3.2/javax.annotation-api-1.3.2.jar:/Users/macbook/.m2/repository/org/apache/tomcat/embed/tomcat-embed-core/9.0.12/tomcat-embed-core-9.0.12.jar:/Users/macbook/.m2/repository/org/apache/tomcat/embed/tomcat-embed-websocket/9.0.12/tomcat-embed-websocket-9.0.12.jar:/Users/macbook/.m2/repository/com/fasterxml/jackson/core/jackson-annotations/2.9.7/jackson-annotations-2.9.7.jar:/Users/macbook/.m2/repository/com/fasterxml/jackson/core/jackson-databind/2.9.7/jackson-databind-2.9.7.jar:/Users/macbook/.m2/repository/com/amazonaws/aws-java-sdk-sqs/1.11.470/aws-java-sdk-sqs-1.11.470.jar:/Users/macbook/.m2/repository/com/amazonaws/aws-java-sdk-core/1.11.470/aws-java-sdk-core-1.11.470.jar:/Users/macbook/.m2/repository/commons-logging/commons-logging/1.1.3/commons-logging-1.1.3.jar:/Users/macbook/.m2/repository/org/apache/httpcomponents/httpclient/4.5.6/httpclient-4.5.6.jar:/Users/macbook/.m2/repository/org/apache/httpcomponents/httpcore/4.4.10/httpcore-4.4.10.jar:/Users/macbook/.m2/repository/software/amazon/ion/ion-java/1.0.2/ion-java-1.0.2.jar:/Users/macbook/.m2/repository/com/fasterxml/jackson/dataformat/jackson-dataformat-cbor/2.9.7/jackson-dataformat-cbor-2.9.7.jar:/Users/macbook/.m2/repository/joda-time/joda-time/2.10.1/joda-time-2.10.1.jar:/Users/macbook/.m2/repository/com/amazonaws/aws-java-sdk/1.11.470/aws-java-sdk-1.11.470.jar:/Users/macbook/.m2/repository/com/amazonaws/aws-java-sdk-kafka/1.11.470/aws-java-sdk-kafka-1.11.470.jar:/Users/macbook/.m2/repository/com/amazonaws/aws-java-sdk-appmesh/1.11.470/aws-java-sdk-appmesh-1.11.470.jar:/Users/macbook/.m2/repository/com/amazonaws/aws-java-sdk-licensemanager/1.11.470/aws-java-sdk-licensemanager-1.11.470.jar:/Users/macbook/.m2/repository/com/amazonaws/aws-java-sdk-securityhub/1.11.470/aws-java-sdk-securityhub-1.11.470.jar:/Users/macbook/.m2/repository/com/amazonaws/aws-java-sdk-fsx/1.11.470/aws-java-sdk-fsx-1.11.470.jar:/Users/macbook/.m2/repository/com/amazonaws/aws-java-sdk-mediaconnect/1.11.470/aws-java-sdk-mediaconnect-1.11.470.jar:/Users/macbook/.m2/repository/com/amazonaws/aws-java-sdk-kinesisanalyticsv2/1.11.470/aws-java-sdk-kinesisanalyticsv2-1.11.470.jar:/Users/macbook/.m2/repository/com/amazonaws/aws-java-sdk-comprehendmedical/1.11.470/aws-java-sdk-comprehendmedical-1.11.470.jar:/Users/macbook/.m2/repository/com/amazonaws/aws-java-sdk-globalaccelerator/1.11.470/aws-java-sdk-globalaccelerator-1.11.470.jar:/Users/macbook/.m2/repository/com/amazonaws/aws-java-sdk-transfer/1.11.470/aws-java-sdk-transfer-1.11.470.jar:/Users/macbook/.m2/repository/com/amazonaws/aws-java-sdk-datasync/1.11.470/aws-java-sdk-datasync-1.11.470.jar:/Users/macbook/.m2/repository/com/amazonaws/aws-java-sdk-robomaker/1.11.470/aws-java-sdk-robomaker-1.11.470.jar:/Users/macbook/.m2/repository/com/amazonaws/aws-java-sdk-amplify/1.11.470/aws-java-sdk-amplify-1.11.470.jar:/Users/macbook/.m2/repository/com/amazonaws/aws-java-sdk-quicksight/1.11.470/aws-java-sdk-quicksight-1.11.470.jar:/Users/macbook/.m2/repository/com/amazonaws/aws-java-sdk-rdsdata/1.11.470/aws-java-sdk-rdsdata-1.11.470.jar:/Users/macbook/.m2/repository/com/amazonaws/aws-java-sdk-route53resolver/1.11.470/aws-java-sdk-route53resolver-1.11.470.jar:/Users/macbook/.m2/repository/com/amazonaws/aws-java-sdk-ram/1.11.470/aws-java-sdk-ram-1.11.470.jar:/Users/macbook/.m2/repository/com/amazonaws/aws-java-sdk-s3control/1.11.470/aws-java-sdk-s3control-1.11.470.jar:/Users/macbook/.m2/repository/com/amazonaws/aws-java-sdk-pinpointsmsvoice/1.11.470/aws-java-sdk-pinpointsmsvoice-1.11.470.jar:/Users/macbook/.m2/repository/com/amazonaws/aws-java-sdk-pinpointemail/1.11.470/aws-java-sdk-pinpointemail-1.11.470.jar:/Users/macbook/.m2/repository/com/amazonaws/aws-java-sdk-chime/1.11.470/aws-java-sdk-chime-1.11.470.jar:/Users/macbook/.m2/repository/com/amazonaws/aws-java-sdk-signer/1.11.470/aws-java-sdk-signer-1.11.470.jar:/Users/macbook/.m2/repository/com/amazonaws/aws-java-sdk-dlm/1.11.470/aws-java-sdk-dlm-1.11.470.jar:/Users/macbook/.m2/repository/com/amazonaws/aws-java-sdk-macie/1.11.470/aws-java-sdk-macie-1.11.470.jar:/Users/macbook/.m2/repository/com/amazonaws/aws-java-sdk-eks/1.11.470/aws-java-sdk-eks-1.11.470.jar:/Users/macbook/.m2/repository/com/amazonaws/aws-java-sdk-mediatailor/1.11.470/aws-java-sdk-mediatailor-1.11.470.jar:/Users/macbook/.m2/repository/com/amazonaws/aws-java-sdk-neptune/1.11.470/aws-java-sdk-neptune-1.11.470.jar:/Users/macbook/.m2/repository/com/amazonaws/aws-java-sdk-pi/1.11.470/aws-java-sdk-pi-1.11.470.jar:/Users/macbook/.m2/repository/com/amazonaws/aws-java-sdk-iot1clickprojects/1.11.470/aws-java-sdk-iot1clickprojects-1.11.470.jar:/Users/macbook/.m2/repository/com/amazonaws/aws-java-sdk-iot1clickdevices/1.11.470/aws-java-sdk-iot1clickdevices-1.11.470.jar:/Users/macbook/.m2/repository/com/amazonaws/aws-java-sdk-iotanalytics/1.11.470/aws-java-sdk-iotanalytics-1.11.470.jar:/Users/macbook/.m2/repository/com/amazonaws/aws-java-sdk-acmpca/1.11.470/aws-java-sdk-acmpca-1.11.470.jar:/Users/macbook/.m2/repository/com/amazonaws/aws-java-sdk-secretsmanager/1.11.470/aws-java-sdk-secretsmanager-1.11.470.jar:/Users/macbook/.m2/repository/com/amazonaws/aws-java-sdk-fms/1.11.470/aws-java-sdk-fms-1.11.470.jar:/Users/macbook/.m2/repository/com/amazonaws/aws-java-sdk-connect/1.11.470/aws-java-sdk-connect-1.11.470.jar:/Users/macbook/.m2/repository/com/amazonaws/aws-java-sdk-transcribe/1.11.470/aws-java-sdk-transcribe-1.11.470.jar:/Users/macbook/.m2/repository/com/amazonaws/aws-java-sdk-autoscalingplans/1.11.470/aws-java-sdk-autoscalingplans-1.11.470.jar:/Users/macbook/.m2/repository/com/amazonaws/aws-java-sdk-workmail/1.11.470/aws-java-sdk-workmail-1.11.470.jar:/Users/macbook/.m2/repository/com/amazonaws/aws-java-sdk-servicediscovery/1.11.470/aws-java-sdk-servicediscovery-1.11.470.jar:/Users/macbook/.m2/repository/com/amazonaws/aws-java-sdk-cloud9/1.11.470/aws-java-sdk-cloud9-1.11.470.jar:/Users/macbook/.m2/repository/com/amazonaws/aws-java-sdk-serverlessapplicationrepository/1.11.470/aws-java-sdk-serverlessapplicationrepository-1.11.470.jar:/Users/macbook/.m2/repository/com/amazonaws/aws-java-sdk-alexaforbusiness/1.11.470/aws-java-sdk-alexaforbusiness-1.11.470.jar:/Users/macbook/.m2/repository/com/amazonaws/aws-java-sdk-resourcegroups/1.11.470/aws-java-sdk-resourcegroups-1.11.470.jar:/Users/macbook/.m2/repository/com/amazonaws/aws-java-sdk-comprehend/1.11.470/aws-java-sdk-comprehend-1.11.470.jar:/Users/macbook/.m2/repository/com/amazonaws/aws-java-sdk-translate/1.11.470/aws-java-sdk-translate-1.11.470.jar:/Users/macbook/.m2/repository/com/amazonaws/aws-java-sdk-sagemaker/1.11.470/aws-java-sdk-sagemaker-1.11.470.jar:/Users/macbook/.m2/repository/com/amazonaws/aws-java-sdk-iotjobsdataplane/1.11.470/aws-java-sdk-iotjobsdataplane-1.11.470.jar:/Users/macbook/.m2/repository/com/amazonaws/aws-java-sdk-sagemakerruntime/1.11.470/aws-java-sdk-sagemakerruntime-1.11.470.jar:/Users/macbook/.m2/repository/com/amazonaws/aws-java-sdk-kinesisvideo/1.11.470/aws-java-sdk-kinesisvideo-1.11.470.jar:/Users/macbook/.m2/repository/io/netty/netty-codec-http/4.1.29.Final/netty-codec-http-4.1.29.Final.jar:/Users/macbook/.m2/repository/io/netty/netty-codec/4.1.29.Final/netty-codec-4.1.29.Final.jar:/Users/macbook/.m2/repository/io/netty/netty-handler/4.1.29.Final/netty-handler-4.1.29.Final.jar:/Users/macbook/.m2/repository/io/netty/netty-buffer/4.1.29.Final/netty-buffer-4.1.29.Final.jar:/Users/macbook/.m2/repository/io/netty/netty-common/4.1.29.Final/netty-common-4.1.29.Final.jar:/Users/macbook/.m2/repository/io/netty/netty-transport/4.1.29.Final/netty-transport-4.1.29.Final.jar:/Users/macbook/.m2/repository/io/netty/netty-resolver/4.1.29.Final/netty-resolver-4.1.29.Final.jar:/Users/macbook/.m2/repository/com/amazonaws/aws-java-sdk-appsync/1.11.470/aws-java-sdk-appsync-1.11.470.jar:/Users/macbook/.m2/repository/com/amazonaws/aws-java-sdk-guardduty/1.11.470/aws-java-sdk-guardduty-1.11.470.jar:/Users/macbook/.m2/repository/com/amazonaws/aws-java-sdk-mq/1.11.470/aws-java-sdk-mq-1.11.470.jar:/Users/macbook/.m2/repository/com/amazonaws/aws-java-sdk-mediaconvert/1.11.470/aws-java-sdk-mediaconvert-1.11.470.jar:/Users/macbook/.m2/repository/com/amazonaws/aws-java-sdk-mediastore/1.11.470/aws-java-sdk-mediastore-1.11.470.jar:/Users/macbook/.m2/repository/com/amazonaws/aws-java-sdk-mediastoredata/1.11.470/aws-java-sdk-mediastoredata-1.11.470.jar:/Users/macbook/.m2/repository/com/amazonaws/aws-java-sdk-medialive/1.11.470/aws-java-sdk-medialive-1.11.470.jar:/Users/macbook/.m2/repository/com/amazonaws/aws-java-sdk-mediapackage/1.11.470/aws-java-sdk-mediapackage-1.11.470.jar:/Users/macbook/.m2/repository/com/amazonaws/aws-java-sdk-costexplorer/1.11.470/aws-java-sdk-costexplorer-1.11.470.jar:/Users/macbook/.m2/repository/com/amazonaws/aws-java-sdk-pricing/1.11.470/aws-java-sdk-pricing-1.11.470.jar:/Users/macbook/.m2/repository/com/amazonaws/aws-java-sdk-mobile/1.11.470/aws-java-sdk-mobile-1.11.470.jar:/Users/macbook/.m2/repository/com/amazonaws/aws-java-sdk-cloudhsmv2/1.11.470/aws-java-sdk-cloudhsmv2-1.11.470.jar:/Users/macbook/.m2/repository/com/amazonaws/aws-java-sdk-glue/1.11.470/aws-java-sdk-glue-1.11.470.jar:/Users/macbook/.m2/repository/com/amazonaws/aws-java-sdk-migrationhub/1.11.470/aws-java-sdk-migrationhub-1.11.470.jar:/Users/macbook/.m2/repository/com/amazonaws/aws-java-sdk-dax/1.11.470/aws-java-sdk-dax-1.11.470.jar:/Users/macbook/.m2/repository/com/amazonaws/aws-java-sdk-greengrass/1.11.470/aws-java-sdk-greengrass-1.11.470.jar:/Users/macbook/.m2/repository/com/amazonaws/aws-java-sdk-athena/1.11.470/aws-java-sdk-athena-1.11.470.jar:/Users/macbook/.m2/repository/com/amazonaws/aws-java-sdk-marketplaceentitlement/1.11.470/aws-java-sdk-marketplaceentitlement-1.11.470.jar:/Users/macbook/.m2/repository/com/amazonaws/aws-java-sdk-codestar/1.11.470/aws-java-sdk-codestar-1.11.470.jar:/Users/macbook/.m2/repository/com/amazonaws/aws-java-sdk-lexmodelbuilding/1.11.470/aws-java-sdk-lexmodelbuilding-1.11.470.jar:/Users/macbook/.m2/repository/com/amazonaws/aws-java-sdk-resourcegroupstaggingapi/1.11.470/aws-java-sdk-resourcegroupstaggingapi-1.11.470.jar:/Users/macbook/.m2/repository/com/amazonaws/aws-java-sdk-pinpoint/1.11.470/aws-java-sdk-pinpoint-1.11.470.jar:/Users/macbook/.m2/repository/com/amazonaws/aws-java-sdk-xray/1.11.470/aws-java-sdk-xray-1.11.470.jar:/Users/macbook/.m2/repository/com/amazonaws/aws-java-sdk-opsworkscm/1.11.470/aws-java-sdk-opsworkscm-1.11.470.jar:/Users/macbook/.m2/repository/com/amazonaws/aws-java-sdk-support/1.11.470/aws-java-sdk-support-1.11.470.jar:/Users/macbook/.m2/repository/com/amazonaws/aws-java-sdk-simpledb/1.11.470/aws-java-sdk-simpledb-1.11.470.jar:/Users/macbook/.m2/repository/com/amazonaws/aws-java-sdk-servicecatalog/1.11.470/aws-java-sdk-servicecatalog-1.11.470.jar:/Users/macbook/.m2/repository/com/amazonaws/aws-java-sdk-servermigration/1.11.470/aws-java-sdk-servermigration-1.11.470.jar:/Users/macbook/.m2/repository/com/amazonaws/aws-java-sdk-simpleworkflow/1.11.470/aws-java-sdk-simpleworkflow-1.11.470.jar:/Users/macbook/.m2/repository/com/amazonaws/aws-java-sdk-storagegateway/1.11.470/aws-java-sdk-storagegateway-1.11.470.jar:/Users/macbook/.m2/repository/com/amazonaws/aws-java-sdk-route53/1.11.470/aws-java-sdk-route53-1.11.470.jar:/Users/macbook/.m2/repository/com/amazonaws/aws-java-sdk-importexport/1.11.470/aws-java-sdk-importexport-1.11.470.jar:/Users/macbook/.m2/repository/com/amazonaws/aws-java-sdk-sts/1.11.470/aws-java-sdk-sts-1.11.470.jar:/Users/macbook/.m2/repository/com/amazonaws/aws-java-sdk-rds/1.11.470/aws-java-sdk-rds-1.11.470.jar:/Users/macbook/.m2/repository/com/amazonaws/aws-java-sdk-redshift/1.11.470/aws-java-sdk-redshift-1.11.470.jar:/Users/macbook/.m2/repository/com/amazonaws/aws-java-sdk-elasticbeanstalk/1.11.470/aws-java-sdk-elasticbeanstalk-1.11.470.jar:/Users/macbook/.m2/repository/com/amazonaws/aws-java-sdk-glacier/1.11.470/aws-java-sdk-glacier-1.11.470.jar:/Users/macbook/.m2/repository/com/amazonaws/aws-java-sdk-iam/1.11.470/aws-java-sdk-iam-1.11.470.jar:/Users/macbook/.m2/repository/com/amazonaws/aws-java-sdk-datapipeline/1.11.470/aws-java-sdk-datapipeline-1.11.470.jar:/Users/macbook/.m2/repository/com/amazonaws/aws-java-sdk-elasticloadbalancing/1.11.470/aws-java-sdk-elasticloadbalancing-1.11.470.jar:/Users/macbook/.m2/repository/com/amazonaws/aws-java-sdk-elasticloadbalancingv2/1.11.470/aws-java-sdk-elasticloadbalancingv2-1.11.470.jar:/Users/macbook/.m2/repository/com/amazonaws/aws-java-sdk-emr/1.11.470/aws-java-sdk-emr-1.11.470.jar:/Users/macbook/.m2/repository/com/amazonaws/aws-java-sdk-elasticache/1.11.470/aws-java-sdk-elasticache-1.11.470.jar:/Users/macbook/.m2/repository/com/amazonaws/aws-java-sdk-ec2/1.11.470/aws-java-sdk-ec2-1.11.470.jar:/Users/macbook/.m2/repository/com/amazonaws/aws-java-sdk-dynamodb/1.11.470/aws-java-sdk-dynamodb-1.11.470.jar:/Users/macbook/.m2/repository/com/amazonaws/aws-java-sdk-sns/1.11.470/aws-java-sdk-sns-1.11.470.jar:/Users/macbook/.m2/repository/com/amazonaws/aws-java-sdk-budgets/1.11.470/aws-java-sdk-budgets-1.11.470.jar:/Users/macbook/.m2/repository/com/amazonaws/aws-java-sdk-cloudtrail/1.11.470/aws-java-sdk-cloudtrail-1.11.470.jar:/Users/macbook/.m2/repository/com/amazonaws/aws-java-sdk-cloudwatch/1.11.470/aws-java-sdk-cloudwatch-1.11.470.jar:/Users/macbook/.m2/repository/com/amazonaws/aws-java-sdk-logs/1.11.470/aws-java-sdk-logs-1.11.470.jar:/Users/macbook/.m2/repository/com/amazonaws/aws-java-sdk-events/1.11.470/aws-java-sdk-events-1.11.470.jar:/Users/macbook/.m2/repository/com/amazonaws/aws-java-sdk-cognitoidentity/1.11.470/aws-java-sdk-cognitoidentity-1.11.470.jar:/Users/macbook/.m2/repository/com/amazonaws/aws-java-sdk-cognitosync/1.11.470/aws-java-sdk-cognitosync-1.11.470.jar:/Users/macbook/.m2/repository/com/amazonaws/aws-java-sdk-directconnect/1.11.470/aws-java-sdk-directconnect-1.11.470.jar:/Users/macbook/.m2/repository/com/amazonaws/aws-java-sdk-cloudformation/1.11.470/aws-java-sdk-cloudformation-1.11.470.jar:/Users/macbook/.m2/repository/com/amazonaws/aws-java-sdk-cloudfront/1.11.470/aws-java-sdk-cloudfront-1.11.470.jar:/Users/macbook/.m2/repository/com/amazonaws/aws-java-sdk-clouddirectory/1.11.470/aws-java-sdk-clouddirectory-1.11.470.jar:/Users/macbook/.m2/repository/com/amazonaws/aws-java-sdk-kinesis/1.11.470/aws-java-sdk-kinesis-1.11.470.jar:/Users/macbook/.m2/repository/com/amazonaws/aws-java-sdk-opsworks/1.11.470/aws-java-sdk-opsworks-1.11.470.jar:/Users/macbook/.m2/repository/com/amazonaws/aws-java-sdk-ses/1.11.470/aws-java-sdk-ses-1.11.470.jar:/Users/macbook/.m2/repository/com/amazonaws/aws-java-sdk-autoscaling/1.11.470/aws-java-sdk-autoscaling-1.11.470.jar:/Users/macbook/.m2/repository/com/amazonaws/aws-java-sdk-cloudsearch/1.11.470/aws-java-sdk-cloudsearch-1.11.470.jar:/Users/macbook/.m2/repository/com/amazonaws/aws-java-sdk-cloudwatchmetrics/1.11.470/aws-java-sdk-cloudwatchmetrics-1.11.470.jar:/Users/macbook/.m2/repository/com/amazonaws/aws-java-sdk-codedeploy/1.11.470/aws-java-sdk-codedeploy-1.11.470.jar:/Users/macbook/.m2/repository/com/amazonaws/aws-java-sdk-codepipeline/1.11.470/aws-java-sdk-codepipeline-1.11.470.jar:/Users/macbook/.m2/repository/com/amazonaws/aws-java-sdk-config/1.11.470/aws-java-sdk-config-1.11.470.jar:/Users/macbook/.m2/repository/com/amazonaws/aws-java-sdk-lambda/1.11.470/aws-java-sdk-lambda-1.11.470.jar:/Users/macbook/.m2/repository/com/amazonaws/aws-java-sdk-ecs/1.11.470/aws-java-sdk-ecs-1.11.470.jar:/Users/macbook/.m2/repository/com/amazonaws/aws-java-sdk-ecr/1.11.470/aws-java-sdk-ecr-1.11.470.jar:/Users/macbook/.m2/repository/com/amazonaws/aws-java-sdk-cloudhsm/1.11.470/aws-java-sdk-cloudhsm-1.11.470.jar:/Users/macbook/.m2/repository/com/amazonaws/aws-java-sdk-ssm/1.11.470/aws-java-sdk-ssm-1.11.470.jar:/Users/macbook/.m2/repository/com/amazonaws/aws-java-sdk-workspaces/1.11.470/aws-java-sdk-workspaces-1.11.470.jar:/Users/macbook/.m2/repository/com/amazonaws/aws-java-sdk-machinelearning/1.11.470/aws-java-sdk-machinelearning-1.11.470.jar:/Users/macbook/.m2/repository/com/amazonaws/aws-java-sdk-directory/1.11.470/aws-java-sdk-directory-1.11.470.jar:/Users/macbook/.m2/repository/com/amazonaws/aws-java-sdk-efs/1.11.470/aws-java-sdk-efs-1.11.470.jar:/Users/macbook/.m2/repository/com/amazonaws/aws-java-sdk-codecommit/1.11.470/aws-java-sdk-codecommit-1.11.470.jar:/Users/macbook/.m2/repository/com/amazonaws/aws-java-sdk-devicefarm/1.11.470/aws-java-sdk-devicefarm-1.11.470.jar:/Users/macbook/.m2/repository/com/amazonaws/aws-java-sdk-elasticsearch/1.11.470/aws-java-sdk-elasticsearch-1.11.470.jar:/Users/macbook/.m2/repository/com/amazonaws/aws-java-sdk-waf/1.11.470/aws-java-sdk-waf-1.11.470.jar:/Users/macbook/.m2/repository/com/amazonaws/aws-java-sdk-marketplacecommerceanalytics/1.11.470/aws-java-sdk-marketplacecommerceanalytics-1.11.470.jar:/Users/macbook/.m2/repository/com/amazonaws/aws-java-sdk-inspector/1.11.470/aws-java-sdk-inspector-1.11.470.jar:/Users/macbook/.m2/repository/com/amazonaws/aws-java-sdk-iot/1.11.470/aws-java-sdk-iot-1.11.470.jar:/Users/macbook/.m2/repository/com/amazonaws/aws-java-sdk-api-gateway/1.11.470/aws-java-sdk-api-gateway-1.11.470.jar:/Users/macbook/.m2/repository/com/amazonaws/aws-java-sdk-acm/1.11.470/aws-java-sdk-acm-1.11.470.jar:/Users/macbook/.m2/repository/com/amazonaws/aws-java-sdk-gamelift/1.11.470/aws-java-sdk-gamelift-1.11.470.jar:/Users/macbook/.m2/repository/com/amazonaws/aws-java-sdk-dms/1.11.470/aws-java-sdk-dms-1.11.470.jar:/Users/macbook/.m2/repository/com/amazonaws/aws-java-sdk-marketplacemeteringservice/1.11.470/aws-java-sdk-marketplacemeteringservice-1.11.470.jar:/Users/macbook/.m2/repository/com/amazonaws/aws-java-sdk-cognitoidp/1.11.470/aws-java-sdk-cognitoidp-1.11.470.jar:/Users/macbook/.m2/repository/com/amazonaws/aws-java-sdk-discovery/1.11.470/aws-java-sdk-discovery-1.11.470.jar:/Users/macbook/.m2/repository/com/amazonaws/aws-java-sdk-applicationautoscaling/1.11.470/aws-java-sdk-applicationautoscaling-1.11.470.jar:/Users/macbook/.m2/repository/com/amazonaws/aws-java-sdk-snowball/1.11.470/aws-java-sdk-snowball-1.11.470.jar:/Users/macbook/.m2/repository/com/amazonaws/aws-java-sdk-rekognition/1.11.470/aws-java-sdk-rekognition-1.11.470.jar:/Users/macbook/.m2/repository/com/amazonaws/aws-java-sdk-polly/1.11.470/aws-java-sdk-polly-1.11.470.jar:/Users/macbook/.m2/repository/com/amazonaws/aws-java-sdk-lightsail/1.11.470/aws-java-sdk-lightsail-1.11.470.jar:/Users/macbook/.m2/repository/com/amazonaws/aws-java-sdk-stepfunctions/1.11.470/aws-java-sdk-stepfunctions-1.11.470.jar:/Users/macbook/.m2/repository/com/amazonaws/aws-java-sdk-health/1.11.470/aws-java-sdk-health-1.11.470.jar:/Users/macbook/.m2/repository/com/amazonaws/aws-java-sdk-costandusagereport/1.11.470/aws-java-sdk-costandusagereport-1.11.470.jar:/Users/macbook/.m2/repository/com/amazonaws/aws-java-sdk-codebuild/1.11.470/aws-java-sdk-codebuild-1.11.470.jar:/Users/macbook/.m2/repository/com/amazonaws/aws-java-sdk-appstream/1.11.470/aws-java-sdk-appstream-1.11.470.jar:/Users/macbook/.m2/repository/com/amazonaws/aws-java-sdk-shield/1.11.470/aws-java-sdk-shield-1.11.470.jar:/Users/macbook/.m2/repository/com/amazonaws/aws-java-sdk-batch/1.11.470/aws-java-sdk-batch-1.11.470.jar:/Users/macbook/.m2/repository/com/amazonaws/aws-java-sdk-lex/1.11.470/aws-java-sdk-lex-1.11.470.jar:/Users/macbook/.m2/repository/com/amazonaws/aws-java-sdk-mechanicalturkrequester/1.11.470/aws-java-sdk-mechanicalturkrequester-1.11.470.jar:/Users/macbook/.m2/repository/com/amazonaws/aws-java-sdk-organizations/1.11.470/aws-java-sdk-organizations-1.11.470.jar:/Users/macbook/.m2/repository/com/amazonaws/aws-java-sdk-workdocs/1.11.470/aws-java-sdk-workdocs-1.11.470.jar:/Users/macbook/.m2/repository/com/amazonaws/aws-java-sdk-models/1.11.470/aws-java-sdk-models-1.11.470.jar:/Users/macbook/.m2/repository/com/amazonaws/aws-java-sdk-swf-libraries/1.11.22/aws-java-sdk-swf-libraries-1.11.22.jar:/Users/macbook/.m2/repository/org/springframework/security/spring-security-oauth2-client/5.1.1.RELEASE/spring-security-oauth2-client-5.1.1.RELEASE.jar:/Users/macbook/.m2/repository/com/nimbusds/oauth2-oidc-sdk/6.0/oauth2-oidc-sdk-6.0.jar:/Users/macbook/.m2/repository/com/github/stephenc/jcip/jcip-annotations/1.0-1/jcip-annotations-1.0-1.jar:/Users/macbook/.m2/repository/com/nimbusds/lang-tag/1.4.4/lang-tag-1.4.4.jar:/Users/macbook/.m2/repository/com/nimbusds/nimbus-jose-jwt/7.8/nimbus-jose-jwt-7.8.jar:/Users/macbook/.m2/repository/org/springframework/security/spring-security-oauth2-core/5.1.1.RELEASE/spring-security-oauth2-core-5.1.1.RELEASE.jar:/Users/macbook/.m2/repository/com/amazonaws/aws-java-sdk-elastictranscoder/1.9.1/aws-java-sdk-elastictranscoder-1.9.1.jar:/Users/macbook/.m2/repository/com/sendgrid/sendgrid-java/4.3.0/sendgrid-java-4.3.0.jar:/Users/macbook/.m2/repository/com/sendgrid/java-http-client/4.1.0/java-http-client-4.1.0.jar:/Users/macbook/.m2/repository/org/springframework/security/oauth/spring-security-oauth2/2.3.3.RELEASE/spring-security-oauth2-2.3.3.RELEASE.jar:/Users/macbook/.m2/repository/org/springframework/spring-beans/5.1.2.RELEASE/spring-beans-5.1.2.RELEASE.jar:/Users/macbook/.m2/repository/org/codehaus/jackson/jackson-mapper-asl/1.9.13/jackson-mapper-asl-1.9.13.jar:/Users/macbook/.m2/repository/org/codehaus/jackson/jackson-core-asl/1.9.13/jackson-core-asl-1.9.13.jar:"/>
    <property name="sun.cpu.endian" value="little"/>
    <property name="user.home" value="/Users/macbook"/>
    <property name="user.language" value="en"/>
    <property name="java.specification.vendor" value="Oracle Corporation"/>
    <property name="java.home" value="/Library/Java/JavaVirtualMachines/adoptopenjdk-8.jdk/Contents/Home/jre"/>
    <property name="basedir" value="/Users/macbook/hias/api-core-hias"/>
    <property name="file.separator" value="/"/>
    <property name="line.separator" value="&#10;"/>
    <property name="java.vm.specification.vendor" value="Oracle Corporation"/>
    <property name="java.specification.name" value="Java Platform API Specification"/>
    <property name="java.awt.graphicsenv" value="sun.awt.CGraphicsEnvironment"/>
    <property name="surefire.real.class.path" value="/Users/macbook/hias/api-core-hias/target/surefire/surefirebooter7924398010270645312.jar"/>
    <property name="sun.boot.class.path" value="/Library/Java/JavaVirtualMachines/adoptopenjdk-8.jdk/Contents/Home/jre/lib/resources.jar:/Library/Java/JavaVirtualMachines/adoptopenjdk-8.jdk/Contents/Home/jre/lib/rt.jar:/Library/Java/JavaVirtualMachines/adoptopenjdk-8.jdk/Contents/Home/jre/lib/sunrsasign.jar:/Library/Java/JavaVirtualMachines/adoptopenjdk-8.jdk/Contents/Home/jre/lib/jsse.jar:/Library/Java/JavaVirtualMachines/adoptopenjdk-8.jdk/Contents/Home/jre/lib/jce.jar:/Library/Java/JavaVirtualMachines/adoptopenjdk-8.jdk/Contents/Home/jre/lib/charsets.jar:/Library/Java/JavaVirtualMachines/adoptopenjdk-8.jdk/Contents/Home/jre/lib/jfr.jar:/Library/Java/JavaVirtualMachines/adoptopenjdk-8.jdk/Contents/Home/jre/classes"/>
    <property name="sun.management.compiler" value="HotSpot 64-Bit Tiered Compilers"/>
    <property name="ftp.nonProxyHosts" value="local|*.local|169.254/16|*.169.254/16"/>
    <property name="java.runtime.version" value="1.8.0_222-b10"/>
    <property name="user.name" value="macbook"/>
    <property name="path.separator" value=":"/>
    <property name="os.version" value="10.12.6"/>
    <property name="java.endorsed.dirs" value="/Library/Java/JavaVirtualMachines/adoptopenjdk-8.jdk/Contents/Home/jre/lib/endorsed"/>
    <property name="java.runtime.name" value="OpenJDK Runtime Environment"/>
    <property name="file.encoding" value="UTF-8"/>
    <property name="java.vm.name" value="OpenJDK 64-Bit Server VM"/>
    <property name="localRepository" value="/Users/macbook/.m2/repository"/>
    <property name="java.vendor.url.bug" value="http://bugreport.sun.com/bugreport/"/>
    <property name="java.io.tmpdir" value="/var/folders/_g/qw8xdjqs5y703zg2b_bpb0dw0000gn/T/"/>
    <property name="java.version" value="1.8.0_222"/>
    <property name="user.dir" value="/Users/macbook/hias/api-core-hias"/>
    <property name="os.arch" value="x86_64"/>
    <property name="java.vm.specification.name" value="Java Virtual Machine Specification"/>
    <property name="java.awt.printerjob" value="sun.lwawt.macosx.CPrinterJob"/>
    <property name="sun.os.patch.level" value="unknown"/>
    <property name="java.library.path" value="/Users/macbook/Library/Java/Extensions:/Library/Java/Extensions:/Network/Library/Java/Extensions:/System/Library/Java/Extensions:/usr/lib/java:."/>
    <property name="java.vm.info" value="mixed mode"/>
    <property name="java.vendor" value="AdoptOpenJDK"/>
    <property name="java.vm.version" value="25.222-b10"/>
    <property name="java.ext.dirs" value="/Users/macbook/Library/Java/Extensions:/Library/Java/JavaVirtualMachines/adoptopenjdk-8.jdk/Contents/Home/jre/lib/ext:/Library/Java/Extensions:/Network/Library/Java/Extensions:/System/Library/Java/Extensions:/usr/lib/java"/>
    <property name="sun.io.unicode.encoding" value="UnicodeBig"/>
    <property name="java.class.version" value="52.0"/>
    <property name="socksNonProxyHosts" value="local|*.local|169.254/16|*.169.254/16"/>
  </properties>
  <testcase name="contextLoads" classname="com.hias.apps.HiasApplicationTests" time="0.147"/>
</testsuite>